#
# A fatal error has been detected by the Java Runtime Environment:
#
#  SIGSEGV (0xb) at pc=0x00007f493aa54c31, pid=32555, tid=139952227526400
#
# JRE version: Java(TM) SE Runtime Environment (7.0_67-b01) (build 1.7.0_67-b01)
# Java VM: Java HotSpot(TM) 64-Bit Server VM (24.65-b04 mixed mode linux-amd64 compressed oops)
# Problematic frame:
# V  [libjvm.so+0x70dc31]  VM_RedefineClasses::set_new_constant_pool(instanceKlassHandle, constantPoolHandle, int, Thread*)+0x17c1
#
# Failed to write core dump. Core dumps have been disabled. To enable core dumping, try "ulimit -c unlimited" before starting Java again
#
# If you would like to submit a bug report, please visit:
#   http://bugreport.sun.com/bugreport/crash.jsp
#

---------------  T H R E A D  ---------------

Current thread (0x00007f493409e000):  JavaThread "JDWP Transport Listener: dt_socket" daemon [_thread_in_vm, id=32572, stack(0x00007f492abea000,0x00007f492aceb000)]

siginfo:si_signo=SIGSEGV: si_errno=0, si_code=1 (SEGV_MAPERR), si_addr=0x0000000000000000

Registers:
RAX=0x0000000000000000, RBX=0x0000000000000009, RCX=0x00007f49340073b0, RDX=0x0000000000000000
RSP=0x00007f492ace9230, RBP=0x00007f492ace9330, RSI=0x0000000000000000, RDI=0x0000000000000000
R8 =0x00007f493b18cd80, R9 =0x2f65636166726574, R10=0x00007f493b578fe0, R11=0x0000000000000000
R12=0x0000000000000000, R13=0x00007f493409f000, R14=0x0000000000000068, R15=0x00007f493409e000
RIP=0x00007f493aa54c31, EFLAGS=0x0000000000010246, CSGSFS=0x0000000000000033, ERR=0x0000000000000004
  TRAPNO=0x000000000000000e

Top of Stack: (sp=0x00007f492ace9230)
0x00007f492ace9230:   000000000000004a 00000000000000ba
0x00007f492ace9240:   00007f493409f000 00007f493409e000
0x00007f492ace9250:   00007f492ace9830 00007f4934095e50
0x00007f492ace9260:   00000007849ff380 00007f492ace9830
0x00007f492ace9270:   0000000000000000 00007f493409e000
0x00007f492ace9280:   00007f493409ef98 00007f492ace9830
0x00007f492ace9290:   00007f493409e000 00007f492ace9830
0x00007f492ace92a0:   00007f493409e000 00007f492ace9830
0x00007f492ace92b0:   00007f493409f028 fffffffffffffff8
0x00007f492ace92c0:   0000000000000000 0000005a3a7d12ce
0x00007f492ace92d0:   0000000000000000 00007f493409e000
0x00007f492ace92e0:   00007f493409ef98 00007f492ace9830
0x00007f492ace92f0:   00007f493409efd0 00007f493409e000
0x00007f492ace9300:   00007f492ace9330 0000000000000009
0x00007f492ace9310:   00007f493b18cd00 00007f493409efd8
0x00007f492ace9320:   00007f493409efd0 00007f493409e000
0x00007f492ace9330:   00007f492ace9400 00007f493aa554b1
0x00007f492ace9340:   07007f492ace9360 00007f493409e000
0x00007f492ace9350:   00007f493409ef98 00007f492ace9830
0x00007f492ace9360:   00007f493409efb8 00007f493409efb0
0x00007f492ace9370:   0000000000000000 00007f4900000000
0x00007f492ace9380:   00007f493409efa8 00007f493409efa0
0x00007f492ace9390:   00007f4934095dc0 00007f493409eb50
0x00007f492ace93a0:   00007f493409eb80 00007f493409ef38
0x00007f492ace93b0:   00000000000003d8 00000000000003d8
0x00007f492ace93c0:   00007f493409f000 00000068ffffffff
0x00007f492ace93d0:   0000000000000000 00007f4934095e50
0x00007f492ace93e0:   0000000000000000 00000007856ecdd0
0x00007f492ace93f0:   00007f49340a0250 00007f493409e000
0x00007f492ace9400:   00007f492ace9550 00007f493aa55953
0x00007f492ace9410:   00007f493409e000 00007f493409f800
0x00007f492ace9420:   00007f493409f828 00007f492ace9500 

Instructions: (pc=0x00007f493aa54c31)
0x00007f493aa54c11:   ff ff ff 00 0f 1f 00 0f 85 e0 e9 ff ff 44 0f b7
0x00007f493aa54c21:   3c 25 72 01 00 00 b8 10 00 00 00 e9 e3 e9 ff ff
0x00007f493aa54c31:   4c 8b 20 48 c7 85 70 ff ff ff 00 00 00 00 e9 ac
0x00007f493aa54c41:   e8 ff ff 48 8b 1b 48 c7 85 78 ff ff ff 00 00 00 

Register to memory mapping:

RAX=0x0000000000000000 is an unknown value
RBX=0x0000000000000009 is an unknown value
RCX=0x00007f49340073b0 is an unknown value
RDX=0x0000000000000000 is an unknown value
RSP=0x00007f492ace9230 is pointing into the stack for thread: 0x00007f493409e000
RBP=0x00007f492ace9330 is pointing into the stack for thread: 0x00007f493409e000
RSI=0x0000000000000000 is an unknown value
RDI=0x0000000000000000 is an unknown value
R8 =0x00007f493b18cd80: <offset 0xe45d80> in /app/jdk1.7.0_67/jre/lib/amd64/server/libjvm.so at 0x00007f493a347000
R9 =0x2f65636166726574 is an unknown value
R10=0x00007f493b578fe0: <offset 0x3bdfe0> in /lib/x86_64-linux-gnu/libc.so.6 at 0x00007f493b1bb000
R11=0x0000000000000000 is an unknown value
R12=0x0000000000000000 is an unknown value
R13=0x00007f493409f000 is an unknown value
R14=0x0000000000000068 is an unknown value
R15=0x00007f493409e000 is a thread


Stack: [0x00007f492abea000,0x00007f492aceb000],  sp=0x00007f492ace9230,  free space=1020k
Native frames: (J=compiled Java code, j=interpreted, Vv=VM code, C=native code)
V  [libjvm.so+0x70dc31]  VM_RedefineClasses::set_new_constant_pool(instanceKlassHandle, constantPoolHandle, int, Thread*)+0x17c1
V  [libjvm.so+0x70e4b1]  VM_RedefineClasses::merge_cp_and_rewrite(instanceKlassHandle, instanceKlassHandle, Thread*)+0x721
V  [libjvm.so+0x70e953]  VM_RedefineClasses::load_new_class_versions(Thread*)+0x413
V  [libjvm.so+0x70f26d]  VM_RedefineClasses::doit_prologue()+0xbd
V  [libjvm.so+0x9a59eb]  VMThread::execute(VM_Operation*)+0x16b
V  [libjvm.so+0x6dd078]  JvmtiEnv::RedefineClasses(int, _jvmtiClassDefinition const*)+0x28
V  [libjvm.so+0x69fa4c]  jvmti_RedefineClasses+0x23c
C  [libjdwp.so+0xbbc6]  redefineClasses+0x1f6
C  [libjdwp.so+0x11976]  debugLoop_run+0x2b6
C  [libjdwp.so+0x243af]  attachThread+0x2f
V  [libjvm.so+0x6fc827]  JvmtiAgentThread::call_start_function()+0x97
V  [libjvm.so+0x958d9f]  JavaThread::thread_main_inner()+0xdf
V  [libjvm.so+0x958ea5]  JavaThread::run()+0xf5
V  [libjvm.so+0x81f988]  java_start(Thread*)+0x108


---------------  P R O C E S S  ---------------

Java Threads: ( => current thread )
  0x00007f48b4cbe800 JavaThread "Abandoned connection cleanup thread" daemon [_thread_blocked, id=327, stack(0x00007f490fabb000,0x00007f490fbbc000)]
  0x00007f48c0005000 JavaThread "http-bio-8080-exec-10" daemon [_thread_blocked, id=32614, stack(0x00007f490fbbc000,0x00007f490fcbd000)]
  0x00007f48a800c000 JavaThread "http-bio-8080-exec-9" daemon [_thread_blocked, id=32612, stack(0x00007f490fcbd000,0x00007f490fdbe000)]
  0x00007f48a800a800 JavaThread "http-bio-8080-exec-8" daemon [_thread_blocked, id=32611, stack(0x00007f490fdbe000,0x00007f490febf000)]
  0x00007f48a8009000 JavaThread "http-bio-8080-exec-7" daemon [_thread_blocked, id=32610, stack(0x00007f490febf000,0x00007f490ffc0000)]
  0x00007f48a8007800 JavaThread "http-bio-8080-exec-6" daemon [_thread_blocked, id=32609, stack(0x00007f4928086000,0x00007f4928187000)]
  0x00007f48a8006800 JavaThread "http-bio-8080-exec-5" daemon [_thread_blocked, id=32608, stack(0x00007f4929740000,0x00007f4929841000)]
  0x00007f48bc41f000 JavaThread "http-bio-8080-exec-4" daemon [_thread_blocked, id=32607, stack(0x00007f4929841000,0x00007f4929942000)]
  0x00007f48a8005000 JavaThread "http-bio-8080-exec-3" daemon [_thread_blocked, id=32606, stack(0x00007f4928479000,0x00007f492857a000)]
  0x0000000002195000 JavaThread "http-bio-8080-exec-2" daemon [_thread_blocked, id=32605, stack(0x00007f492857a000,0x00007f492867b000)]
  0x00007f493448a800 JavaThread "ajp-bio-8009-AsyncTimeout" daemon [_thread_blocked, id=32604, stack(0x00007f492867b000,0x00007f492877c000)]
  0x00007f4934489800 JavaThread "ajp-bio-8009-Acceptor-0" daemon [_thread_in_native, id=32603, stack(0x00007f492877c000,0x00007f492887d000)]
  0x00007f48a8004000 JavaThread "http-bio-8080-exec-1" daemon [_thread_blocked, id=32602, stack(0x00007f492887d000,0x00007f492897e000)]
  0x00007f4934487800 JavaThread "http-bio-8080-AsyncTimeout" daemon [_thread_blocked, id=32601, stack(0x00007f4929370000,0x00007f4929471000)]
  0x00007f4934197800 JavaThread "http-bio-8080-Acceptor-0" daemon [_thread_in_native, id=32600, stack(0x00007f4929471000,0x00007f4929572000)]
  0x00007f4934191800 JavaThread "ContainerBackgroundProcessor[StandardEngine[Catalina]]" daemon [_thread_blocked, id=32599, stack(0x00007f492963f000,0x00007f4929740000)]
  0x00007f48d924a000 JavaThread "Abandoned connection cleanup thread" daemon [_thread_blocked, id=32588, stack(0x00007f4928c81000,0x00007f4928d82000)]
  0x00007f493454f800 JavaThread "GC Daemon" daemon [_thread_blocked, id=32585, stack(0x00007f4929dc0000,0x00007f4929ec1000)]
  0x00007f49340a9800 JavaThread "Service Thread" daemon [_thread_blocked, id=32583, stack(0x00007f492a6e5000,0x00007f492a7e6000)]
  0x00007f49340a7000 JavaThread "C2 CompilerThread1" daemon [_thread_blocked, id=32582, stack(0x00007f492a7e6000,0x00007f492a8e7000)]
  0x00007f49340a4000 JavaThread "C2 CompilerThread0" daemon [_thread_blocked, id=32581, stack(0x00007f492a8e7000,0x00007f492a9e8000)]
  0x00007f48f8001000 JavaThread "JDWP Command Reader" daemon [_thread_in_native, id=32576, stack(0x00007f492a9e8000,0x00007f492aae9000)]
  0x00007f49340a2000 JavaThread "JDWP Event Helper Thread" daemon [_thread_blocked, id=32575, stack(0x00007f492aae9000,0x00007f492abea000)]
=>0x00007f493409e000 JavaThread "JDWP Transport Listener: dt_socket" daemon [_thread_in_vm, id=32572, stack(0x00007f492abea000,0x00007f492aceb000)]
  0x00007f4934091800 JavaThread "Signal Dispatcher" daemon [_thread_blocked, id=32570, stack(0x00007f492aeef000,0x00007f492aff0000)]
  0x00007f4934073800 JavaThread "Finalizer" daemon [_thread_blocked, id=32569, stack(0x00007f492aff0000,0x00007f492b0f1000)]
  0x00007f4934071800 JavaThread "Reference Handler" daemon [_thread_blocked, id=32568, stack(0x00007f492b0f1000,0x00007f492b1f2000)]
  0x00007f493400d800 JavaThread "main" [_thread_in_native, id=32562, stack(0x00007f493bcbe000,0x00007f493bdbf000)]

Other Threads:
  0x00007f493406d000 VMThread [stack: 0x00007f492b1f2000,0x00007f492b2f3000] [id=32567]
  0x00007f49340bc000 WatcherThread [stack: 0x00007f492a5e4000,0x00007f492a6e5000] [id=32584]

VM state:not at safepoint (normal execution)

VM Mutex/Monitor currently owned by a thread: None

Heap
 PSYoungGen      total 520704K, used 0K [0x00000007d6e00000, 0x00000007fc780000, 0x0000000800000000)
  eden space 436736K, 0% used [0x00000007d6e00000,0x00000007d6e00040,0x00000007f1880000)
  from space 83968K, 0% used [0x00000007f7580000,0x00000007f7580000,0x00000007fc780000)
  to   space 89600K, 0% used [0x00000007f1880000,0x00000007f1880000,0x00000007f7000000)
 ParOldGen       total 1121792K, used 43524K [0x0000000784a00000, 0x00000007c9180000, 0x00000007d6e00000)
  object space 1121792K, 3% used [0x0000000784a00000,0x0000000787481158,0x00000007c9180000)
 PSPermGen       total 83968K, used 83967K [0x000000077f800000, 0x0000000784a00000, 0x0000000784a00000)
  object space 83968K, 99% used [0x000000077f800000,0x00000007849fff28,0x0000000784a00000)

Card table byte_map: [0x00007f4938084000,0x00007f4938489000] byte_map_base: 0x00007f4934488000

Polling page: 0x00007f493bdd9000

Code Cache  [0x00007f4931000000, 0x00007f4931850000, 0x00007f4934000000)
 total_blobs=2324 nmethods=1636 adapters=647 free_code_cache=40814Kb largest_free_block=41615552

Compilation events (10 events):
Event: 1297.158 Thread 0x00007f49340a7000 nmethod 1816 0x00007f493183ba10 code [0x00007f493183bb60, 0x00007f493183bbf8]
Event: 1297.172 Thread 0x00007f49340a4000 nmethod 1815 0x00007f4931782f50 code [0x00007f4931783180, 0x00007f49317840f8]
Event: 1297.210 Thread 0x00007f49340a7000 1817             groovyjarjarasm.asm.Type::getArgumentsAndReturnSizes (151 bytes)
Event: 1297.216 Thread 0x00007f49340a7000 nmethod 1817 0x00007f4931784e90 code [0x00007f4931785020, 0x00007f49317854f8]
Event: 1297.231 Thread 0x00007f49340a4000 1818             org.codehaus.groovy.runtime.metaclass.MetaMethodIndex::getOrPutMethods (193 bytes)
Event: 1297.232 Thread 0x00007f49340a7000 1819             groovy.lang.MetaClassImpl$1MOPIter::methodNameAction (482 bytes)
Event: 1297.238 Thread 0x00007f49340a4000 nmethod 1818 0x00007f4931835350 code [0x00007f49318354e0, 0x00007f4931835bf8]
Event: 1297.238 Thread 0x00007f49340a4000 1820             groovy.lang.MetaClassImpl::applyStrayPropertyMethods (232 bytes)
Event: 1297.331 Thread 0x00007f49340a4000 nmethod 1820 0x00007f493177ca90 code [0x00007f493177cd60, 0x00007f493177e630]
Event: 1297.421 Thread 0x00007f49340a7000 nmethod 1819 0x00007f4931767590 code [0x00007f4931767dc0, 0x00007f493176da28]

GC Heap History (10 events):
Event: 1316.176 GC heap before
{Heap before GC invocations=44 (full 14):
 PSYoungGen      total 526848K, used 64K [0x00000007d6e00000, 0x00000007fd800000, 0x0000000800000000)
  eden space 433152K, 0% used [0x00000007d6e00000,0x00000007d6e00000,0x00000007f1500000)
  from space 93696K, 0% used [0x00000007f7c80000,0x00000007f7c90000,0x00000007fd800000)
  to   space 99840K, 0% used [0x00000007f1500000,0x00000007f1500000,0x00000007f7680000)
 ParOldGen       total 686592K, used 43544K [0x0000000784a00000, 0x00000007ae880000, 0x00000007d6e00000)
  object space 686592K, 6% used [0x0000000784a00000,0x0000000787486030,0x00000007ae880000)
 PSPermGen       total 83968K, used 83967K [0x000000077f800000, 0x0000000784a00000, 0x0000000784a00000)
  object space 83968K, 99% used [0x000000077f800000,0x00000007849fff90,0x0000000784a00000)
Event: 1316.292 GC heap after
Heap after GC invocations=44 (full 14):
 PSYoungGen      total 526848K, used 0K [0x00000007d6e00000, 0x00000007fd800000, 0x0000000800000000)
  eden space 433152K, 0% used [0x00000007d6e00000,0x00000007d6e00000,0x00000007f1500000)
  from space 93696K, 0% used [0x00000007f7c80000,0x00000007f7c80000,0x00000007fd800000)
  to   space 99840K, 0% used [0x00000007f1500000,0x00000007f1500000,0x00000007f7680000)
 ParOldGen       total 809984K, used 43524K [0x0000000784a00000, 0x00000007b6100000, 0x00000007d6e00000)
  object space 809984K, 5% used [0x0000000784a00000,0x0000000787481288,0x00000007b6100000)
 PSPermGen       total 83968K, used 83963K [0x000000077f800000, 0x0000000784a00000, 0x0000000784a00000)
  object space 83968K, 99% used [0x000000077f800000,0x00000007849fef68,0x0000000784a00000)
}
Event: 1316.292 GC heap before
{Heap before GC invocations=45 (full 14):
 PSYoungGen      total 526848K, used 1907K [0x00000007d6e00000, 0x00000007fd800000, 0x0000000800000000)
  eden space 433152K, 0% used [0x00000007d6e00000,0x00000007d6fdccc0,0x00000007f1500000)
  from space 93696K, 0% used [0x00000007f7c80000,0x00000007f7c80000,0x00000007fd800000)
  to   space 99840K, 0% used [0x00000007f1500000,0x00000007f1500000,0x00000007f7680000)
 ParOldGen       total 809984K, used 43524K [0x0000000784a00000, 0x00000007b6100000, 0x00000007d6e00000)
  object space 809984K, 5% used [0x0000000784a00000,0x0000000787481288,0x00000007b6100000)
 PSPermGen       total 83968K, used 83967K [0x000000077f800000, 0x0000000784a00000, 0x0000000784a00000)
  object space 83968K, 99% used [0x000000077f800000,0x00000007849fff48,0x0000000784a00000)
Event: 1316.295 GC heap after
Heap after GC invocations=45 (full 14):
 PSYoungGen      total 433664K, used 0K [0x00000007d6e00000, 0x00000007fd200000, 0x0000000800000000)
  eden space 433152K, 0% used [0x00000007d6e00000,0x00000007d6e00000,0x00000007f1500000)
  from space 512K, 0% used [0x00000007f1500000,0x00000007f1500000,0x00000007f1580000)
  to   space 94720K, 0% used [0x00000007f7580000,0x00000007f7580000,0x00000007fd200000)
 ParOldGen       total 809984K, used 43524K [0x0000000784a00000, 0x00000007b6100000, 0x00000007d6e00000)
  object space 809984K, 5% used [0x0000000784a00000,0x0000000787481288,0x00000007b6100000)
 PSPermGen       total 83968K, used 83967K [0x000000077f800000, 0x0000000784a00000, 0x0000000784a00000)
  object space 83968K, 99% used [0x000000077f800000,0x00000007849fff48,0x0000000784a00000)
}
Event: 1316.295 GC heap before
{Heap before GC invocations=46 (full 15):
 PSYoungGen      total 433664K, used 0K [0x00000007d6e00000, 0x00000007fd200000, 0x0000000800000000)
  eden space 433152K, 0% used [0x00000007d6e00000,0x00000007d6e00000,0x00000007f1500000)
  from space 512K, 0% used [0x00000007f1500000,0x00000007f1500000,0x00000007f1580000)
  to   space 94720K, 0% used [0x00000007f7580000,0x00000007f7580000,0x00000007fd200000)
 ParOldGen       total 809984K, used 43524K [0x0000000784a00000, 0x00000007b6100000, 0x00000007d6e00000)
  object space 809984K, 5% used [0x0000000784a00000,0x0000000787481288,0x00000007b6100000)
 PSPermGen       total 83968K, used 83967K [0x000000077f800000, 0x0000000784a00000, 0x0000000784a00000)
  object space 83968K, 99% used [0x000000077f800000,0x00000007849fff48,0x0000000784a00000)
Event: 1316.460 GC heap after
Heap after GC invocations=46 (full 15):
 PSYoungGen      total 433664K, used 0K [0x00000007d6e00000, 0x00000007fd200000, 0x0000000800000000)
  eden space 433152K, 0% used [0x00000007d6e00000,0x00000007d6e00000,0x00000007f1500000)
  from space 512K, 0% used [0x00000007f1500000,0x00000007f1500000,0x00000007f1580000)
  to   space 94720K, 0% used [0x00000007f7580000,0x00000007f7580000,0x00000007fd200000)
 ParOldGen       total 951808K, used 43524K [0x0000000784a00000, 0x00000007beb80000, 0x00000007d6e00000)
  object space 951808K, 4% used [0x0000000784a00000,0x0000000787481158,0x00000007beb80000)
 PSPermGen       total 83968K, used 83967K [0x000000077f800000, 0x0000000784a00000, 0x0000000784a00000)
  object space 83968K, 99% used [0x000000077f800000,0x00000007849fff28,0x0000000784a00000)
}
Event: 1316.460 GC heap before
{Heap before GC invocations=47 (full 15):
 PSYoungGen      total 433664K, used 0K [0x00000007d6e00000, 0x00000007fd200000, 0x0000000800000000)
  eden space 433152K, 0% used [0x00000007d6e00000,0x00000007d6e00000,0x00000007f1500000)
  from space 512K, 0% used [0x00000007f1500000,0x00000007f1500000,0x00000007f1580000)
  to   space 94720K, 0% used [0x00000007f7580000,0x00000007f7580000,0x00000007fd200000)
 ParOldGen       total 951808K, used 43524K [0x0000000784a00000, 0x00000007beb80000, 0x00000007d6e00000)
  object space 951808K, 4% used [0x0000000784a00000,0x0000000787481158,0x00000007beb80000)
 PSPermGen       total 83968K, used 83967K [0x000000077f800000, 0x0000000784a00000, 0x0000000784a00000)
  object space 83968K, 99% used [0x000000077f800000,0x00000007849fff28,0x0000000784a00000)
Event: 1316.463 GC heap after
Heap after GC invocations=47 (full 15):
 PSYoungGen      total 520704K, used 0K [0x00000007d6e00000, 0x00000007fc780000, 0x0000000800000000)
  eden space 436736K, 0% used [0x00000007d6e00000,0x00000007d6e00000,0x00000007f1880000)
  from space 83968K, 0% used [0x00000007f7580000,0x00000007f7580000,0x00000007fc780000)
  to   space 89600K, 0% used [0x00000007f1880000,0x00000007f1880000,0x00000007f7000000)
 ParOldGen       total 951808K, used 43524K [0x0000000784a00000, 0x00000007beb80000, 0x00000007d6e00000)
  object space 951808K, 4% used [0x0000000784a00000,0x0000000787481158,0x00000007beb80000)
 PSPermGen       total 83968K, used 83967K [0x000000077f800000, 0x0000000784a00000, 0x0000000784a00000)
  object space 83968K, 99% used [0x000000077f800000,0x00000007849fff28,0x0000000784a00000)
}
Event: 1316.464 GC heap before
{Heap before GC invocations=48 (full 16):
 PSYoungGen      total 520704K, used 0K [0x00000007d6e00000, 0x00000007fc780000, 0x0000000800000000)
  eden space 436736K, 0% used [0x00000007d6e00000,0x00000007d6e00000,0x00000007f1880000)
  from space 83968K, 0% used [0x00000007f7580000,0x00000007f7580000,0x00000007fc780000)
  to   space 89600K, 0% used [0x00000007f1880000,0x00000007f1880000,0x00000007f7000000)
 ParOldGen       total 951808K, used 43524K [0x0000000784a00000, 0x00000007beb80000, 0x00000007d6e00000)
  object space 951808K, 4% used [0x0000000784a00000,0x0000000787481158,0x00000007beb80000)
 PSPermGen       total 83968K, used 83967K [0x000000077f800000, 0x0000000784a00000, 0x0000000784a00000)
  object space 83968K, 99% used [0x000000077f800000,0x00000007849fff28,0x0000000784a00000)
Event: 1316.576 GC heap after
Heap after GC invocations=48 (full 16):
 PSYoungGen      total 520704K, used 0K [0x00000007d6e00000, 0x00000007fc780000, 0x0000000800000000)
  eden space 436736K, 0% used [0x00000007d6e00000,0x00000007d6e00000,0x00000007f1880000)
  from space 83968K, 0% used [0x00000007f7580000,0x00000007f7580000,0x00000007fc780000)
  to   space 89600K, 0% used [0x00000007f1880000,0x00000007f1880000,0x00000007f7000000)
 ParOldGen       total 1121792K, used 43524K [0x0000000784a00000, 0x00000007c9180000, 0x00000007d6e00000)
  object space 1121792K, 3% used [0x0000000784a00000,0x0000000787481158,0x00000007c9180000)
 PSPermGen       total 83968K, used 83967K [0x000000077f800000, 0x0000000784a00000, 0x0000000784a00000)
  object space 83968K, 99% used [0x000000077f800000,0x00000007849fff28,0x0000000784a00000)
}

Deoptimization events (10 events):
Event: 1298.381 Thread 0x00007f4934191800 Uncommon trap: reason=unhandled action=none pc=0x00007f493146c2e8 method=java.net.URLClassLoader$1.run()Ljava/lang/Class; @ 72
Event: 1298.381 Thread 0x00007f4934191800 Uncommon trap: reason=unhandled action=none pc=0x00007f49311eb1e8 method=org.apache.naming.resources.BaseDirContext.lookup(Ljava/lang/String;)Ljava/lang/Object; @ 143
Event: 1300.594 Thread 0x00007f4934191800 Uncommon trap: reason=unhandled action=none pc=0x00007f493146c2e8 method=java.net.URLClassLoader$1.run()Ljava/lang/Class; @ 72
Event: 1300.595 Thread 0x00007f4934191800 Uncommon trap: reason=unhandled action=none pc=0x00007f49311eb1e8 method=org.apache.naming.resources.BaseDirContext.lookup(Ljava/lang/String;)Ljava/lang/Object; @ 143
Event: 1300.738 Thread 0x00007f4934191800 Uncommon trap: reason=unhandled action=none pc=0x00007f493146c2e8 method=java.net.URLClassLoader$1.run()Ljava/lang/Class; @ 72
Event: 1300.739 Thread 0x00007f4934191800 Uncommon trap: reason=unhandled action=none pc=0x00007f49311eb1e8 method=org.apache.naming.resources.BaseDirContext.lookup(Ljava/lang/String;)Ljava/lang/Object; @ 143
Event: 1300.739 Thread 0x00007f4934191800 Uncommon trap: reason=unhandled action=none pc=0x00007f493146c2e8 method=java.net.URLClassLoader$1.run()Ljava/lang/Class; @ 72
Event: 1300.739 Thread 0x00007f4934191800 Uncommon trap: reason=unhandled action=none pc=0x00007f49311eb1e8 method=org.apache.naming.resources.BaseDirContext.lookup(Ljava/lang/String;)Ljava/lang/Object; @ 143
Event: 1300.740 Thread 0x00007f4934191800 Uncommon trap: reason=unhandled action=none pc=0x00007f493146c2e8 method=java.net.URLClassLoader$1.run()Ljava/lang/Class; @ 72
Event: 1300.740 Thread 0x00007f4934191800 Uncommon trap: reason=unhandled action=none pc=0x00007f49311eb1e8 method=org.apache.naming.resources.BaseDirContext.lookup(Ljava/lang/String;)Ljava/lang/Object; @ 143

Internal exceptions (10 events):
Event: 1298.379 Thread 0x00007f4934191800 Threw 0x00000007d7549240 at /HUDSON/workspace/7u-2-build-linux-amd64/jdk7u67/1368/hotspot/src/share/vm/prims/jvm.cpp:1244
Event: 1298.379 Thread 0x00007f4934191800 Threw 0x00000007d7557f08 at /HUDSON/workspace/7u-2-build-linux-amd64/jdk7u67/1368/hotspot/src/share/vm/prims/jvm.cpp:1244
Event: 1298.381 Thread 0x00007f4934191800 Threw 0x00000007d75652a8 at /HUDSON/workspace/7u-2-build-linux-amd64/jdk7u67/1368/hotspot/src/share/vm/prims/jvm.cpp:1244
Event: 1298.912 Thread 0x00007f4934191800 Threw 0x000000077f8ac698 at /HUDSON/workspace/7u-2-build-linux-amd64/jdk7u67/1368/hotspot/src/share/vm/gc_interface/collectedHeap.inline.hpp:225
Event: 1300.595 Thread 0x00007f4934191800 Threw 0x00000007d6e005c0 at /HUDSON/workspace/7u-2-build-linux-amd64/jdk7u67/1368/hotspot/src/share/vm/prims/jvm.cpp:1244
Event: 1300.738 Thread 0x00007f4934191800 Threw 0x00000007d6e01ca8 at /HUDSON/workspace/7u-2-build-linux-amd64/jdk7u67/1368/hotspot/src/share/vm/prims/jvm.cpp:1244
Event: 1300.739 Thread 0x00007f4934191800 Threw 0x00000007d6e0f780 at /HUDSON/workspace/7u-2-build-linux-amd64/jdk7u67/1368/hotspot/src/share/vm/prims/jvm.cpp:1244
Event: 1300.740 Thread 0x00007f4934191800 Threw 0x00000007d6e1bc00 at /HUDSON/workspace/7u-2-build-linux-amd64/jdk7u67/1368/hotspot/src/share/vm/prims/jvm.cpp:1244
Event: 1301.011 Thread 0x00007f4934191800 Threw 0x000000077f8ac678 at /HUDSON/workspace/7u-2-build-linux-amd64/jdk7u67/1368/hotspot/src/share/vm/gc_interface/collectedHeap.inline.hpp:225
Event: 1316.576 Thread 0x00007f493409e000 Threw 0x000000077f8ac658 at /HUDSON/workspace/7u-2-build-linux-amd64/jdk7u67/1368/hotspot/src/share/vm/gc_interface/collectedHeap.inline.hpp:225

Events (10 events):
Event: 1301.029 Thread 0x00007f4934191800 DEOPT PACKING pc=0x00007f493148e35c sp=0x00007f492973d270
Event: 1301.029 Thread 0x00007f4934191800 DEOPT UNPACKING pc=0x00007f493103920f sp=0x00007f492973cfb0 mode 1
Event: 1301.447 Executing VM operation: GetOrSetLocal
Event: 1301.448 Executing VM operation: GetOrSetLocal done
Event: 1301.498 Executing VM operation: GetOrSetLocal
Event: 1301.498 Executing VM operation: GetOrSetLocal done
Event: 1316.173 Executing VM operation: ParallelGCFailedPermanentAllocation
Event: 1316.292 Executing VM operation: ParallelGCFailedPermanentAllocation done
Event: 1316.292 Executing VM operation: ParallelGCFailedPermanentAllocation
Event: 1316.576 Executing VM operation: ParallelGCFailedPermanentAllocation done


Dynamic libraries:
00400000-00401000 r-xp 00000000 08:05 386198                             /app/jdk1.7.0_67/bin/java
00600000-00601000 rw-p 00000000 08:05 386198                             /app/jdk1.7.0_67/bin/java
02180000-021c3000 rw-p 00000000 00:00 0                                  [heap]
77f800000-784a00000 rw-p 00000000 00:00 0 
784a00000-7c9180000 rw-p 00000000 00:00 0 
7c9180000-7d6e00000 rw-p 00000000 00:00 0 
7d6e00000-7fc780000 rw-p 00000000 00:00 0 
7fc780000-800000000 ---p 00000000 00:00 0 
7f48a8000000-7f48a8021000 rw-p 00000000 00:00 0 
7f48a8021000-7f48ac000000 ---p 00000000 00:00 0 
7f48ac000000-7f48ac021000 rw-p 00000000 00:00 0 
7f48ac021000-7f48b0000000 ---p 00000000 00:00 0 
7f48b0000000-7f48b1d5e000 rw-p 00000000 00:00 0 
7f48b1d5e000-7f48b4000000 ---p 00000000 00:00 0 
7f48b4000000-7f48b56d6000 rw-p 00000000 00:00 0 
7f48b56d6000-7f48b8000000 ---p 00000000 00:00 0 
7f48b8000000-7f48b8025000 rw-p 00000000 00:00 0 
7f48b8025000-7f48bc000000 ---p 00000000 00:00 0 
7f48bc000000-7f48bc5bf000 rw-p 00000000 00:00 0 
7f48bc5bf000-7f48c0000000 ---p 00000000 00:00 0 
7f48c0000000-7f48c0021000 rw-p 00000000 00:00 0 
7f48c0021000-7f48c4000000 ---p 00000000 00:00 0 
7f48c4000000-7f48c403c000 rw-p 00000000 00:00 0 
7f48c403c000-7f48c8000000 ---p 00000000 00:00 0 
7f48c8000000-7f48c80d9000 rw-p 00000000 00:00 0 
7f48c80d9000-7f48cc000000 ---p 00000000 00:00 0 
7f48cc000000-7f48cc194000 rw-p 00000000 00:00 0 
7f48cc194000-7f48d0000000 ---p 00000000 00:00 0 
7f48d0000000-7f48d0167000 rw-p 00000000 00:00 0 
7f48d0167000-7f48d4000000 ---p 00000000 00:00 0 
7f48d4000000-7f48d4140000 rw-p 00000000 00:00 0 
7f48d4140000-7f48d8000000 ---p 00000000 00:00 0 
7f48d8000000-7f48d966d000 rw-p 00000000 00:00 0 
7f48d966d000-7f48dc000000 ---p 00000000 00:00 0 
7f48dc000000-7f48dc021000 rw-p 00000000 00:00 0 
7f48dc021000-7f48e0000000 ---p 00000000 00:00 0 
7f48e0000000-7f48e0021000 rw-p 00000000 00:00 0 
7f48e0021000-7f48e4000000 ---p 00000000 00:00 0 
7f48e4000000-7f48e4046000 rw-p 00000000 00:00 0 
7f48e4046000-7f48e8000000 ---p 00000000 00:00 0 
7f48e8000000-7f48e8021000 rw-p 00000000 00:00 0 
7f48e8021000-7f48ec000000 ---p 00000000 00:00 0 
7f48ec000000-7f48ec021000 rw-p 00000000 00:00 0 
7f48ec021000-7f48f0000000 ---p 00000000 00:00 0 
7f48f0000000-7f48f0021000 rw-p 00000000 00:00 0 
7f48f0021000-7f48f4000000 ---p 00000000 00:00 0 
7f48f4000000-7f48f7cd0000 rw-p 00000000 00:00 0 
7f48f7cd0000-7f48f8000000 ---p 00000000 00:00 0 
7f48f8000000-7f48f82d0000 rw-p 00000000 00:00 0 
7f48f82d0000-7f48fc000000 ---p 00000000 00:00 0 
7f48fc000000-7f48fc021000 rw-p 00000000 00:00 0 
7f48fc021000-7f4900000000 ---p 00000000 00:00 0 
7f4900000000-7f4900037000 rw-p 00000000 00:00 0 
7f4900037000-7f4904000000 ---p 00000000 00:00 0 
7f4904000000-7f4904021000 rw-p 00000000 00:00 0 
7f4904021000-7f4908000000 ---p 00000000 00:00 0 
7f4908000000-7f4908021000 rw-p 00000000 00:00 0 
7f4908021000-7f490c000000 ---p 00000000 00:00 0 
7f490f9ba000-7f490f9bd000 ---p 00000000 00:00 0 
7f490f9bd000-7f490fabb000 rw-p 00000000 00:00 0 
7f490fabb000-7f490fabe000 ---p 00000000 00:00 0 
7f490fabe000-7f490fbbc000 rw-p 00000000 00:00 0                          [stack:327]
7f490fbbc000-7f490fbbf000 ---p 00000000 00:00 0 
7f490fbbf000-7f490fcbd000 rw-p 00000000 00:00 0                          [stack:32614]
7f490fcbd000-7f490fcc0000 ---p 00000000 00:00 0 
7f490fcc0000-7f490fdbe000 rw-p 00000000 00:00 0                          [stack:32612]
7f490fdbe000-7f490fdc1000 ---p 00000000 00:00 0 
7f490fdc1000-7f490febf000 rw-p 00000000 00:00 0                          [stack:32611]
7f490febf000-7f490fec2000 ---p 00000000 00:00 0 
7f490fec2000-7f4914000000 rw-p 00000000 00:00 0                          [stack:32610]
7f4914000000-7f491405f000 rw-p 00000000 00:00 0 
7f491405f000-7f4918000000 ---p 00000000 00:00 0 
7f4918000000-7f4918122000 rw-p 00000000 00:00 0 
7f4918122000-7f491c000000 ---p 00000000 00:00 0 
7f491c000000-7f491c045000 rw-p 00000000 00:00 0 
7f491c045000-7f4920000000 ---p 00000000 00:00 0 
7f4920000000-7f4923bcb000 rw-p 00000000 00:00 0 
7f4923bcb000-7f4924000000 ---p 00000000 00:00 0 
7f4924000000-7f4924065000 rw-p 00000000 00:00 0 
7f4924065000-7f4928000000 ---p 00000000 00:00 0 
7f492807a000-7f4928086000 r--s 000b3000 08:05 99287                      /home/cuijiangning/workspace/.metadata/.plugins/org.eclipse.wst.server.core/tmp0/wtpwebapps/icloud-stock-front/WEB-INF/lib/zookeeper-3.4.5.jar
7f4928086000-7f4928089000 ---p 00000000 00:00 0 
7f4928089000-7f4928187000 rw-p 00000000 00:00 0                          [stack:32609]
7f492818e000-7f4928192000 r--s 00014000 08:05 99285                      /home/cuijiangning/workspace/.metadata/.plugins/org.eclipse.wst.server.core/tmp0/wtpwebapps/icloud-stock-front/WEB-INF/lib/xz-1.2.jar
7f4928192000-7f492819f000 r--s 0006a000 08:05 99221                      /home/cuijiangning/workspace/.metadata/.plugins/org.eclipse.wst.server.core/tmp0/wtpwebapps/icloud-stock-front/WEB-INF/lib/xstream-1.4.4.jar
7f492819f000-7f49281a1000 r--s 00005000 08:05 99223                      /home/cuijiangning/workspace/.metadata/.plugins/org.eclipse.wst.server.core/tmp0/wtpwebapps/icloud-stock-front/WEB-INF/lib/xpp3_min-1.1.4c.jar
7f49281a1000-7f49281a2000 r--s 00001000 08:05 99222                      /home/cuijiangning/workspace/.metadata/.plugins/org.eclipse.wst.server.core/tmp0/wtpwebapps/icloud-stock-front/WEB-INF/lib/xmlpull-1.1.3.1.jar
7f49281a2000-7f49281df000 r--s 0024f000 08:05 99302                      /home/cuijiangning/workspace/.metadata/.plugins/org.eclipse.wst.server.core/tmp0/wtpwebapps/icloud-stock-front/WEB-INF/lib/xmlbeans-2.3.0.jar
7f49281df000-7f49281e4000 r--s 00016000 08:05 99303                      /home/cuijiangning/workspace/.metadata/.plugins/org.eclipse.wst.server.core/tmp0/wtpwebapps/icloud-stock-front/WEB-INF/lib/xml-apis-1.0.b2.jar
7f49281e4000-7f49281e7000 r--s 00009000 08:05 99273                      /home/cuijiangning/workspace/.metadata/.plugins/org.eclipse.wst.server.core/tmp0/wtpwebapps/icloud-stock-front/WEB-INF/lib/validation-api-1.0.0.GA.jar
7f49281e7000-7f49281e9000 r--s 00005000 08:05 99304                      /home/cuijiangning/workspace/.metadata/.plugins/org.eclipse.wst.server.core/tmp0/wtpwebapps/icloud-stock-front/WEB-INF/lib/stax-api-1.0.1.jar
7f49281e9000-7f49281f5000 r--s 00082000 08:05 99275                      /home/cuijiangning/workspace/.metadata/.plugins/org.eclipse.wst.server.core/tmp0/wtpwebapps/icloud-stock-front/WEB-INF/lib/spring-webmvc-3.1.4.RELEASE.jar
7f49281f5000-7f4928202000 r--s 0007b000 08:05 99295                      /home/cuijiangning/workspace/.metadata/.plugins/org.eclipse.wst.server.core/tmp0/wtpwebapps/icloud-stock-front/WEB-INF/lib/spring-web-3.1.4.RELEASE.jar
7f4928202000-7f4928209000 r--s 00035000 08:05 99247                      /home/cuijiangning/workspace/.metadata/.plugins/org.eclipse.wst.server.core/tmp0/wtpwebapps/icloud-stock-front/WEB-INF/lib/spring-tx-3.1.4.RELEASE.jar
7f4928209000-7f4928210000 r--s 00032000 08:05 99291                      /home/cuijiangning/workspace/.metadata/.plugins/org.eclipse.wst.server.core/tmp0/wtpwebapps/icloud-stock-front/WEB-INF/lib/spring-tx-2.5.6.jar
7f4928210000-7f4928215000 r--s 00034000 08:05 99252                      /home/cuijiangning/workspace/.metadata/.plugins/org.eclipse.wst.server.core/tmp0/wtpwebapps/icloud-stock-front/WEB-INF/lib/spring-test-3.1.4.RELEASE.jar
7f4928215000-7f4928220000 r--s 00049000 08:05 99242                      /home/cuijiangning/workspace/.metadata/.plugins/org.eclipse.wst.server.core/tmp0/wtpwebapps/icloud-stock-front/WEB-INF/lib/spring-security-core-3.1.3.RELEASE.jar
7f4928220000-7f4928228000 r--s 00055000 08:05 99241                      /home/cuijiangning/workspace/.metadata/.plugins/org.eclipse.wst.server.core/tmp0/wtpwebapps/icloud-stock-front/WEB-INF/lib/spring-orm-3.1.4.RELEASE.jar
7f4928228000-7f4928233000 r--s 00059000 08:05 99246                      /home/cuijiangning/workspace/.metadata/.plugins/org.eclipse.wst.server.core/tmp0/wtpwebapps/icloud-stock-front/WEB-INF/lib/spring-jdbc-3.1.4.RELEASE.jar
7f4928233000-7f4928237000 r--s 00028000 08:05 99294                      /home/cuijiangning/workspace/.metadata/.plugins/org.eclipse.wst.server.core/tmp0/wtpwebapps/icloud-stock-front/WEB-INF/lib/spring-expression-3.1.4.RELEASE.jar
7f4928237000-7f4928242000 r--s 00064000 08:05 99307                      /home/cuijiangning/workspace/.metadata/.plugins/org.eclipse.wst.server.core/tmp0/wtpwebapps/icloud-stock-front/WEB-INF/lib/spring-core-3.1.4.RELEASE.jar
7f4928242000-7f4928245000 r--s 00018000 08:05 99293                      /home/cuijiangning/workspace/.metadata/.plugins/org.eclipse.wst.server.core/tmp0/wtpwebapps/icloud-stock-front/WEB-INF/lib/spring-context-support-3.1.4.RELEASE.jar
7f4928245000-7f492825a000 r--s 000b8000 08:05 99306                      /home/cuijiangning/workspace/.metadata/.plugins/org.eclipse.wst.server.core/tmp0/wtpwebapps/icloud-stock-front/WEB-INF/lib/spring-context-3.1.4.RELEASE.jar
7f492825a000-7f4928266000 r--s 00086000 08:05 99305                      /home/cuijiangning/workspace/.metadata/.plugins/org.eclipse.wst.server.core/tmp0/wtpwebapps/icloud-stock-front/WEB-INF/lib/spring-beans-3.1.4.RELEASE.jar
7f4928266000-7f4928271000 r--s 0004e000 08:05 99289                      /home/cuijiangning/workspace/.metadata/.plugins/org.eclipse.wst.server.core/tmp0/wtpwebapps/icloud-stock-front/WEB-INF/lib/spring-batch-infrastructure-2.1.9.RELEASE.jar
7f4928271000-7f492827d000 r--s 00067000 08:05 99274                      /home/cuijiangning/workspace/.metadata/.plugins/org.eclipse.wst.server.core/tmp0/wtpwebapps/icloud-stock-front/WEB-INF/lib/spring-batch-core-2.1.9.RELEASE.jar
7f492827d000-7f492827e000 r--s 0000c000 08:05 99292                      /home/cuijiangning/workspace/.metadata/.plugins/org.eclipse.wst.server.core/tmp0/wtpwebapps/icloud-stock-front/WEB-INF/lib/spring-asm-3.1.4.RELEASE.jar
7f492827e000-7f4928287000 r--s 00049000 08:05 99309                      /home/cuijiangning/workspace/.metadata/.plugins/org.eclipse.wst.server.core/tmp0/wtpwebapps/icloud-stock-front/WEB-INF/lib/spring-aop-3.1.4.RELEASE.jar
7f4928287000-7f4928288000 r--s 00002000 08:05 99229                      /home/cuijiangning/workspace/.metadata/.plugins/org.eclipse.wst.server.core/tmp0/wtpwebapps/icloud-stock-front/WEB-INF/lib/slf4j-log4j12-1.6.6.jar
7f4928288000-7f492828a000 r--s 00005000 08:05 99323                      /home/cuijiangning/workspace/.metadata/.plugins/org.eclipse.wst.server.core/tmp0/wtpwebapps/icloud-stock-front/WEB-INF/lib/slf4j-api-1.7.5.jar
7f492828a000-7f492828e000 r--s 00016000 08:05 99217                      /home/cuijiangning/workspace/.metadata/.plugins/org.eclipse.wst.server.core/tmp0/wtpwebapps/icloud-stock-front/WEB-INF/lib/proxytoys-1.0.jar
7f492828e000-7f4928294000 r--s 0007e000 08:05 99240                      /home/cuijiangning/workspace/.metadata/.plugins/org.eclipse.wst.server.core/tmp0/wtpwebapps/icloud-stock-front/WEB-INF/lib/postgresql-9.1-901.jdbc4.jar
7f4928294000-7f49282a5000 r--s 0011b000 08:05 99281                      /home/cuijiangning/workspace/.metadata/.plugins/org.eclipse.wst.server.core/tmp0/wtpwebapps/icloud-stock-front/WEB-INF/lib/poi-scratchpad-3.9.jar
7f49282a5000-7f4928339000 r--s 00401000 08:05 99296                      /home/cuijiangning/workspace/.metadata/.plugins/org.eclipse.wst.server.core/tmp0/wtpwebapps/icloud-stock-front/WEB-INF/lib/poi-ooxml-schemas-3.9.jar
7f4928339000-7f4928345000 r--s 000d9000 08:05 99280                      /home/cuijiangning/workspace/.metadata/.plugins/org.eclipse.wst.server.core/tmp0/wtpwebapps/icloud-stock-front/WEB-INF/lib/poi-ooxml-3.9.jar
7f4928345000-7f4928365000 r--s 001a9000 08:05 99279                      /home/cuijiangning/workspace/.metadata/.plugins/org.eclipse.wst.server.core/tmp0/wtpwebapps/icloud-stock-front/WEB-INF/lib/poi-3.9.jar
7f4928365000-7f4928369000 r--s 00030000 08:05 99234                      /home/cuijiangning/workspace/.metadata/.plugins/org.eclipse.wst.server.core/tmp0/wtpwebapps/icloud-stock-front/WEB-INF/lib/pinyin4j-2.5.0.jar
7f4928369000-7f492836c000 r--s 00015000 08:05 99311                      /home/cuijiangning/workspace/.metadata/.plugins/org.eclipse.wst.server.core/tmp0/wtpwebapps/icloud-stock-front/WEB-INF/lib/perf4j-0.9.16-logbackonly.jar
7f492836c000-7f4928380000 r--s 000d1000 08:05 99322                      /home/cuijiangning/workspace/.metadata/.plugins/org.eclipse.wst.server.core/tmp0/wtpwebapps/icloud-stock-front/WEB-INF/lib/op4j-1.2.jar
7f4928380000-7f492838f000 r--s 000b1000 08:05 99300                      /home/cuijiangning/workspace/.metadata/.plugins/org.eclipse.wst.server.core/tmp0/wtpwebapps/icloud-stock-front/WEB-INF/lib/netty-3.2.2.Final.jar
7f492838f000-7f4928397000 r--s 000c7000 08:05 99219                      /home/cuijiangning/workspace/.metadata/.plugins/org.eclipse.wst.server.core/tmp0/wtpwebapps/icloud-stock-front/WEB-INF/lib/mysql-connector-java-5.1.24.jar
7f4928397000-7f4928399000 r--s 00000000 08:05 99214                      /home/cuijiangning/workspace/.metadata/.plugins/org.eclipse.wst.server.core/tmp0/wtpwebapps/icloud-stock-front/WEB-INF/lib/morphia-validation-1.2.3.jar
7f4928399000-7f49283a0000 r--s 0003e000 08:05 99215                      /home/cuijiangning/workspace/.metadata/.plugins/org.eclipse.wst.server.core/tmp0/wtpwebapps/icloud-stock-front/WEB-INF/lib/morphia-1.2.3.jar
7f49283a0000-7f49283ab000 r--s 00086000 08:05 99218                      /home/cuijiangning/workspace/.metadata/.plugins/org.eclipse.wst.server.core/tmp0/wtpwebapps/icloud-stock-front/WEB-INF/lib/mongo-java-driver-2.12.3.jar
7f49283ab000-7f49283ba000 r--s 00082000 08:05 99239                      /home/cuijiangning/workspace/.metadata/.plugins/org.eclipse.wst.server.core/tmp0/wtpwebapps/icloud-stock-front/WEB-INF/lib/mchange-commons-java-0.2.6.jar
7f49283ba000-7f49283c2000 r--s 00078000 08:05 99271                      /home/cuijiangning/workspace/.metadata/.plugins/org.eclipse.wst.server.core/tmp0/wtpwebapps/icloud-stock-front/WEB-INF/lib/mail-1.4.7.jar
7f49283c2000-7f49283db000 r--s 0015f000 08:05 99224                      /home/cuijiangning/workspace/.metadata/.plugins/org.eclipse.wst.server.core/tmp0/wtpwebapps/icloud-stock-front/WEB-INF/lib/lucene-core-3.6.2.jar
7f49283db000-7f49283e5000 r--s 0005d000 08:05 99324                      /home/cuijiangning/workspace/.metadata/.plugins/org.eclipse.wst.server.core/tmp0/wtpwebapps/icloud-stock-front/WEB-INF/lib/logback-core-1.0.13.jar
7f49283e5000-7f49283eb000 r--s 0003b000 08:05 99317                      /home/cuijiangning/workspace/.metadata/.plugins/org.eclipse.wst.server.core/tmp0/wtpwebapps/icloud-stock-front/WEB-INF/lib/logback-classic-1.0.13.jar
7f49283eb000-7f49283f4000 r--s 0006f000 08:05 99230                      /home/cuijiangning/workspace/.metadata/.plugins/org.eclipse.wst.server.core/tmp0/wtpwebapps/icloud-stock-front/WEB-INF/lib/log4j-1.2.17.jar
7f49283f4000-7f49283fb000 r--s 0004e000 08:05 99276                      /home/cuijiangning/workspace/.metadata/.plugins/org.eclipse.wst.server.core/tmp0/wtpwebapps/icloud-stock-front/WEB-INF/lib/libthrift-0.9.0.jar
7f49283fb000-7f4928401000 r--s 00036000 08:05 99328                      /home/cuijiangning/workspace/.metadata/.plugins/org.eclipse.wst.server.core/tmp0/wtpwebapps/icloud-stock-front/WEB-INF/lib/junit-4.11.jar
7f4928401000-7f4928402000 r--s 00003000 08:05 99249                      /home/cuijiangning/workspace/.metadata/.plugins/org.eclipse.wst.server.core/tmp0/wtpwebapps/icloud-stock-front/WEB-INF/lib/jta-1.1.jar
7f4928402000-7f4928406000 r--s 00022000 08:05 99233                      /home/cuijiangning/workspace/.metadata/.plugins/org.eclipse.wst.server.core/tmp0/wtpwebapps/icloud-stock-front/WEB-INF/lib/json-lib-2.3-jdk15.jar
7f4928406000-7f4928416000 r--s 0007d000 08:05 99315                      /home/cuijiangning/workspace/.metadata/.plugins/org.eclipse.wst.server.core/tmp0/wtpwebapps/icloud-stock-front/WEB-INF/lib/joda-time-2.2.jar
7f4928416000-7f4928418000 r--s 00007000 08:05 99270                      /home/cuijiangning/workspace/.metadata/.plugins/org.eclipse.wst.server.core/tmp0/wtpwebapps/icloud-stock-front/WEB-INF/lib/jmagick-6.6.9.jar
7f4928418000-7f492841a000 r--s 00014000 08:05 99299                      /home/cuijiangning/workspace/.metadata/.plugins/org.eclipse.wst.server.core/tmp0/wtpwebapps/icloud-stock-front/WEB-INF/lib/jline-0.9.94.jar
7f492841a000-7f492841f000 r--s 00041000 08:05 99269                      /home/cuijiangning/workspace/.metadata/.plugins/org.eclipse.wst.server.core/tmp0/wtpwebapps/icloud-stock-front/WEB-INF/lib/jetty-util-8.1.10.v20130312.jar
7f492841f000-7f4928421000 r--s 0000f000 08:05 99290                      /home/cuijiangning/workspace/.metadata/.plugins/org.eclipse.wst.server.core/tmp0/wtpwebapps/icloud-stock-front/WEB-INF/lib/jettison-1.1.jar
7f4928421000-7f4928427000 r--s 00043000 08:05 99268                      /home/cuijiangning/workspace/.metadata/.plugins/org.eclipse.wst.server.core/tmp0/wtpwebapps/icloud-stock-front/WEB-INF/lib/jdom-2.0.2.jar
7f4928427000-7f4928429000 r--s 00003000 08:05 99316                      /home/cuijiangning/workspace/.metadata/.plugins/org.eclipse.wst.server.core/tmp0/wtpwebapps/icloud-stock-front/WEB-INF/lib/jcl-over-slf4j-1.7.5.jar
7f4928429000-7f492842b000 r--s 00005000 08:05 99226                      /home/cuijiangning/workspace/.metadata/.plugins/org.eclipse.wst.server.core/tmp0/wtpwebapps/icloud-stock-front/WEB-INF/lib/jchardet-1.0.jar
7f492842e000-7f492842f000 r--s 0000f000 08:05 99320                      /home/cuijiangning/workspace/.metadata/.plugins/org.eclipse.wst.server.core/tmp0/wtpwebapps/icloud-stock-front/WEB-INF/lib/javatuples-1.2.jar
7f492842f000-7f4928438000 r--s 000a5000 08:05 99220                      /home/cuijiangning/workspace/.metadata/.plugins/org.eclipse.wst.server.core/tmp0/wtpwebapps/icloud-stock-front/WEB-INF/lib/javassist-3.17.1-GA.jar
7f4928438000-7f4928447000 r--s 000b0000 08:05 99232                      /home/cuijiangning/workspace/.metadata/.plugins/org.eclipse.wst.server.core/tmp0/wtpwebapps/icloud-stock-front/WEB-INF/lib/jackson-mapper-asl-1.9.12.jar
7f4928447000-7f492844b000 r--s 00035000 08:05 99235                      /home/cuijiangning/workspace/.metadata/.plugins/org.eclipse.wst.server.core/tmp0/wtpwebapps/icloud-stock-front/WEB-INF/lib/jackson-core-asl-1.9.12.jar
7f492844b000-7f492844f000 r--s 00013000 08:05 99135                      /home/cuijiangning/workspace/.metadata/.plugins/org.eclipse.wst.server.core/tmp0/wtpwebapps/icloud-stock-front/WEB-INF/lib/icloud-stock-service.jar
7f492844f000-7f4928452000 r--s 0000f000 08:05 98944                      /home/cuijiangning/workspace/.metadata/.plugins/org.eclipse.wst.server.core/tmp0/wtpwebapps/icloud-stock-front/WEB-INF/lib/icloud-stock-dao.jar
7f4928452000-7f4928479000 r--s 0024c000 08:05 99243                      /home/cuijiangning/workspace/.metadata/.plugins/org.eclipse.wst.server.core/tmp0/wtpwebapps/icloud-stock-front/WEB-INF/lib/hibernate-core-3.5.6-Final.jar
7f4928479000-7f492847c000 ---p 00000000 00:00 0 
7f492847c000-7f492857a000 rw-p 00000000 00:00 0                          [stack:32606]
7f492857a000-7f492857d000 ---p 00000000 00:00 0 
7f492857d000-7f492867b000 rw-p 00000000 00:00 0                          [stack:32605]
7f492867b000-7f492867e000 ---p 00000000 00:00 0 
7f492867e000-7f492877c000 rw-p 00000000 00:00 0                          [stack:32604]
7f492877c000-7f492877f000 ---p 00000000 00:00 0 
7f492877f000-7f492887d000 rw-p 00000000 00:00 0                          [stack:32603]
7f492887d000-7f4928880000 ---p 00000000 00:00 0 
7f4928880000-7f492897e000 rw-p 00000000 00:00 0                          [stack:32602]
7f492897e000-7f4928981000 ---p 00000000 00:00 0 
7f4928981000-7f4928a7f000 rw-p 00000000 00:00 0 
7f4928a7f000-7f4928a82000 ---p 00000000 00:00 0 
7f4928a82000-7f4928b80000 rw-p 00000000 00:00 0 
7f4928b80000-7f4928b83000 ---p 00000000 00:00 0 
7f4928b83000-7f4928c81000 rw-p 00000000 00:00 0 
7f4928c81000-7f4928c84000 ---p 00000000 00:00 0 
7f4928c84000-7f4928d82000 rw-p 00000000 00:00 0                          [stack:32588]
7f4928d82000-7f4928d84000 r--s 00010000 08:05 99326                      /home/cuijiangning/workspace/.metadata/.plugins/org.eclipse.wst.server.core/tmp0/wtpwebapps/icloud-stock-front/WEB-INF/lib/javaruntype-1.2.jar
7f4928d84000-7f4928d86000 r--s 00004000 08:05 99102                      /home/cuijiangning/workspace/.metadata/.plugins/org.eclipse.wst.server.core/tmp0/wtpwebapps/icloud-stock-front/WEB-INF/lib/icloud-stock-common.jar (deleted)
7f4928d86000-7f4928d88000 rw-p 00000000 00:00 0 
7f4928d88000-7f4928d90000 r--s 00056000 08:05 99267                      /home/cuijiangning/workspace/.metadata/.plugins/org.eclipse.wst.server.core/tmp0/wtpwebapps/icloud-stock-front/WEB-INF/lib/ibatis-sqlmap-2.3.4.726.jar
7f4928d90000-7f4928d9b000 r--s 0037c000 08:05 386362                     /app/jdk1.7.0_67/jre/lib/charsets.jar
7f4928d9b000-7f4928d9e000 ---p 00000000 00:00 0 
7f4928d9e000-7f4928e9c000 rw-p 00000000 00:00 0 
7f4928e9c000-7f4928e9f000 ---p 00000000 00:00 0 
7f4928e9f000-7f4928f9d000 rw-p 00000000 00:00 0 
7f4928f9d000-7f4928fa0000 ---p 00000000 00:00 0 
7f4928fa0000-7f492909e000 rw-p 00000000 00:00 0 
7f492909e000-7f49290a1000 ---p 00000000 00:00 0 
7f49290a1000-7f492919f000 rw-p 00000000 00:00 0 
7f492919f000-7f49291a2000 ---p 00000000 00:00 0 
7f49291a2000-7f49292a0000 rw-p 00000000 00:00 0 
7f49292a0000-7f49292a2000 r--s 00005000 08:05 99524                      /home/cuijiangning/workspace/.metadata/.plugins/org.eclipse.wst.server.core/tmp0/wtpwebapps/icloud-stock-front/WEB-INF/lib/icloud-common-front.jar
7f49292a2000-7f49292a8000 r--s 00032000 08:05 99283                      /home/cuijiangning/workspace/.metadata/.plugins/org.eclipse.wst.server.core/tmp0/wtpwebapps/icloud-stock-front/WEB-INF/lib/httpcore-4.2.4.jar
7f49292a8000-7f49292b1000 r--s 00061000 08:05 99253                      /home/cuijiangning/workspace/.metadata/.plugins/org.eclipse.wst.server.core/tmp0/wtpwebapps/icloud-stock-front/WEB-INF/lib/httpclient-4.2.5.jar
7f49292b1000-7f49292b3000 r--s 0000d000 08:05 99227                      /home/cuijiangning/workspace/.metadata/.plugins/org.eclipse.wst.server.core/tmp0/wtpwebapps/icloud-stock-front/WEB-INF/lib/htmlcleaner-2.1.jar
7f49292b3000-7f49292ba000 r--s 00040000 08:05 99266                      /home/cuijiangning/workspace/.metadata/.plugins/org.eclipse.wst.server.core/tmp0/wtpwebapps/icloud-stock-front/WEB-INF/lib/hibernate-validator-4.1.0.Final.jar
7f49292ba000-7f49292bf000 r--s 00014000 08:05 99251                      /home/cuijiangning/workspace/.metadata/.plugins/org.eclipse.wst.server.core/tmp0/wtpwebapps/icloud-stock-front/WEB-INF/lib/hibernate-jpa-2.0-api-1.0.0.Final.jar
7f49292bf000-7f49292c2000 r--s 0000f000 08:05 99250                      /home/cuijiangning/workspace/.metadata/.plugins/org.eclipse.wst.server.core/tmp0/wtpwebapps/icloud-stock-front/WEB-INF/lib/hibernate-commons-annotations-3.2.0.Final.jar
7f49292c2000-7f49292c3000 r--s 00001000 08:05 99245                      /home/cuijiangning/workspace/.metadata/.plugins/org.eclipse.wst.server.core/tmp0/wtpwebapps/icloud-stock-front/WEB-INF/lib/hibernate-c3p0-3.5.6-Final.jar
7f49292c3000-7f49292c9000 r--s 00054000 08:05 99244                      /home/cuijiangning/workspace/.metadata/.plugins/org.eclipse.wst.server.core/tmp0/wtpwebapps/icloud-stock-front/WEB-INF/lib/hibernate-annotations-3.5.6-Final.jar
7f49292c9000-7f49292cb000 r--s 00009000 08:05 99329                      /home/cuijiangning/workspace/.metadata/.plugins/org.eclipse.wst.server.core/tmp0/wtpwebapps/icloud-stock-front/WEB-INF/lib/hamcrest-core-1.3.jar
7f49292cb000-7f49292f4000 r--s 001ee000 08:05 99314                      /home/cuijiangning/workspace/.metadata/.plugins/org.eclipse.wst.server.core/tmp0/wtpwebapps/icloud-stock-front/WEB-INF/lib/guava-14.0.1.jar
7f49292f4000-7f49292f9000 r--s 0002a000 08:05 99318                      /home/cuijiangning/workspace/.metadata/.plugins/org.eclipse.wst.server.core/tmp0/wtpwebapps/icloud-stock-front/WEB-INF/lib/gson-2.2.4.jar
7f49292f9000-7f492935f000 r--s 005dc000 08:05 99327                      /home/cuijiangning/workspace/.metadata/.plugins/org.eclipse.wst.server.core/tmp0/wtpwebapps/icloud-stock-front/WEB-INF/lib/groovy-all-2.2.1.jar
7f492935f000-7f4929370000 r--s 000d3000 08:05 99265                      /home/cuijiangning/workspace/.metadata/.plugins/org.eclipse.wst.server.core/tmp0/wtpwebapps/icloud-stock-front/WEB-INF/lib/freemarker-2.3.19.jar
7f4929370000-7f4929373000 ---p 00000000 00:00 0 
7f4929373000-7f4929471000 rw-p 00000000 00:00 0                          [stack:32601]
7f4929471000-7f4929474000 ---p 00000000 00:00 0 
7f4929474000-7f4929572000 rw-p 00000000 00:00 0                          [stack:32600]
7f4929572000-7f4929578000 r--s 00045000 08:05 99129                      /home/cuijiangning/workspace/.metadata/.plugins/org.eclipse.wst.server.core/tmp0/wtpwebapps/icloud-stock-front/WEB-INF/lib/framework.jar
7f4929578000-7f492957b000 r--s 00025000 08:05 99125                      /home/cuijiangning/workspace/.metadata/.plugins/org.eclipse.wst.server.core/tmp0/wtpwebapps/icloud-stock-front/WEB-INF/lib/framework-search.jar
7f492957b000-7f492957c000 r--s 00007000 08:05 98786                      /home/cuijiangning/workspace/.metadata/.plugins/org.eclipse.wst.server.core/tmp0/wtpwebapps/icloud-stock-front/WEB-INF/lib/framework-mongo-support.jar
7f492957c000-7f492957d000 r--s 00003000 08:05 99131                      /home/cuijiangning/workspace/.metadata/.plugins/org.eclipse.wst.server.core/tmp0/wtpwebapps/icloud-stock-front/WEB-INF/lib/framework-logger.jar
7f492957d000-7f492957e000 r--s 00006000 08:05 99122                      /home/cuijiangning/workspace/.metadata/.plugins/org.eclipse.wst.server.core/tmp0/wtpwebapps/icloud-stock-front/WEB-INF/lib/framework-gson.jar
7f492957e000-7f4929580000 r--s 0000b000 08:05 99128                      /home/cuijiangning/workspace/.metadata/.plugins/org.eclipse.wst.server.core/tmp0/wtpwebapps/icloud-stock-front/WEB-INF/lib/framework-dao-base.jar
7f4929580000-7f4929585000 r--s 0002f000 08:05 99130                      /home/cuijiangning/workspace/.metadata/.plugins/org.eclipse.wst.server.core/tmp0/wtpwebapps/icloud-stock-front/WEB-INF/lib/framework-core.jar
7f4929585000-7f4929586000 r--s 00000000 08:05 99616                      /home/cuijiangning/workspace/.metadata/.plugins/org.eclipse.wst.server.core/tmp0/wtpwebapps/icloud-stock-front/WEB-INF/lib/framework-config.jar
7f4929586000-7f492958d000 r--s 00052000 08:05 99282                      /home/cuijiangning/workspace/.metadata/.plugins/org.eclipse.wst.server.core/tmp0/wtpwebapps/icloud-stock-front/WEB-INF/lib/fastjson-1.1.29.jar
7f492958d000-7f4929590000 r--s 00013000 08:05 99236                      /home/cuijiangning/workspace/.metadata/.plugins/org.eclipse.wst.server.core/tmp0/wtpwebapps/icloud-stock-front/WEB-INF/lib/ezmorph-1.0.6.jar
7f4929590000-7f49295ab000 r--s 0012e000 08:05 99263                      /home/cuijiangning/workspace/.metadata/.plugins/org.eclipse.wst.server.core/tmp0/wtpwebapps/icloud-stock-front/WEB-INF/lib/ehcache-core-2.6.5.jar
7f49295ab000-7f49295b0000 r--s 00038000 08:05 99228                      /home/cuijiangning/workspace/.metadata/.plugins/org.eclipse.wst.server.core/tmp0/wtpwebapps/icloud-stock-front/WEB-INF/lib/dozer-5.4.0.jar
7f49295b0000-7f49295b5000 r--s 00048000 08:05 99297                      /home/cuijiangning/workspace/.metadata/.plugins/org.eclipse.wst.server.core/tmp0/wtpwebapps/icloud-stock-front/WEB-INF/lib/dom4j-1.6.1.jar
7f49295b5000-7f49295ba000 r--s 0002a000 08:05 99262                      /home/cuijiangning/workspace/.metadata/.plugins/org.eclipse.wst.server.core/tmp0/wtpwebapps/icloud-stock-front/WEB-INF/lib/curator-recipes-1.2.5.jar
7f49295ba000-7f49295bf000 r--s 0001f000 08:05 99286                      /home/cuijiangning/workspace/.metadata/.plugins/org.eclipse.wst.server.core/tmp0/wtpwebapps/icloud-stock-front/WEB-INF/lib/curator-framework-1.2.5.jar
7f49295bf000-7f49295c1000 r--s 0000a000 08:05 99298                      /home/cuijiangning/workspace/.metadata/.plugins/org.eclipse.wst.server.core/tmp0/wtpwebapps/icloud-stock-front/WEB-INF/lib/curator-client-1.2.5.jar
7f49295c1000-7f49295c4000 r--s 00019000 08:05 99277                      /home/cuijiangning/workspace/.metadata/.plugins/org.eclipse.wst.server.core/tmp0/wtpwebapps/icloud-stock-front/WEB-INF/lib/commons-pool-1.6.jar
7f49295c4000-7f49295ca000 r--s 0003e000 08:05 99260                      /home/cuijiangning/workspace/.metadata/.plugins/org.eclipse.wst.server.core/tmp0/wtpwebapps/icloud-stock-front/WEB-INF/lib/commons-net-3.2.jar
7f49295ca000-7f49295cb000 r--s 00007000 08:05 99310                      /home/cuijiangning/workspace/.metadata/.plugins/org.eclipse.wst.server.core/tmp0/wtpwebapps/icloud-stock-front/WEB-INF/lib/commons-logging-1.0.3.jar
7f49295cb000-7f49295d1000 r--s 00048000 08:05 99313                      /home/cuijiangning/workspace/.metadata/.plugins/org.eclipse.wst.server.core/tmp0/wtpwebapps/icloud-stock-front/WEB-INF/lib/commons-lang3-3.1.jar
7f49295d1000-7f49295d6000 r--s 00041000 08:05 99308                      /home/cuijiangning/workspace/.metadata/.plugins/org.eclipse.wst.server.core/tmp0/wtpwebapps/icloud-stock-front/WEB-INF/lib/commons-lang-2.6.jar
7f49295d6000-7f49295da000 r--s 0003c000 08:05 99325                      /home/cuijiangning/workspace/.metadata/.plugins/org.eclipse.wst.server.core/tmp0/wtpwebapps/icloud-stock-front/WEB-INF/lib/commons-lang-2.4.jar
7f49295da000-7f49295de000 r--s 0001d000 08:05 99312                      /home/cuijiangning/workspace/.metadata/.plugins/org.eclipse.wst.server.core/tmp0/wtpwebapps/icloud-stock-front/WEB-INF/lib/commons-jexl-1.1.jar
7f49295de000-7f49295e2000 r--s 0002a000 08:05 99259                      /home/cuijiangning/workspace/.metadata/.plugins/org.eclipse.wst.server.core/tmp0/wtpwebapps/icloud-stock-front/WEB-INF/lib/commons-io-2.4.jar
7f49295e2000-7f49295e8000 r--s 00045000 08:05 99258                      /home/cuijiangning/workspace/.metadata/.plugins/org.eclipse.wst.server.core/tmp0/wtpwebapps/icloud-stock-front/WEB-INF/lib/commons-httpclient-3.1.jar
7f49295e8000-7f49295ea000 r--s 0000f000 08:05 99231                      /home/cuijiangning/workspace/.metadata/.plugins/org.eclipse.wst.server.core/tmp0/wtpwebapps/icloud-stock-front/WEB-INF/lib/commons-fileupload-1.3.jar
7f49295ea000-7f49295f1000 r--s 00051000 08:05 99278                      /home/cuijiangning/workspace/.metadata/.plugins/org.eclipse.wst.server.core/tmp0/wtpwebapps/icloud-stock-front/WEB-INF/lib/commons-configuration-1.9.jar
7f49295f1000-7f49295f6000 r--s 0003a000 08:05 99261                      /home/cuijiangning/workspace/.metadata/.plugins/org.eclipse.wst.server.core/tmp0/wtpwebapps/icloud-stock-front/WEB-INF/lib/commons-compress-1.5.jar
7f49295f6000-7f4929604000 r--s 0007f000 08:05 99321                      /home/cuijiangning/workspace/.metadata/.plugins/org.eclipse.wst.server.core/tmp0/wtpwebapps/icloud-stock-front/WEB-INF/lib/commons-collections-3.2.1.jar
7f4929604000-7f492960a000 r--s 00033000 08:05 99284                      /home/cuijiangning/workspace/.metadata/.plugins/org.eclipse.wst.server.core/tmp0/wtpwebapps/icloud-stock-front/WEB-INF/lib/commons-codec-1.6.jar
7f492960a000-7f492960f000 r--s 00034000 08:05 99257                      /home/cuijiangning/workspace/.metadata/.plugins/org.eclipse.wst.server.core/tmp0/wtpwebapps/icloud-stock-front/WEB-INF/lib/commons-beanutils-1.8.3.jar
7f492960f000-7f4929615000 r--s 0004a000 08:05 99216                      /home/cuijiangning/workspace/.metadata/.plugins/org.eclipse.wst.server.core/tmp0/wtpwebapps/icloud-stock-front/WEB-INF/lib/cglib-nodep-2.2.2.jar
7f4929615000-7f492961c000 r--s 00049000 08:05 99256                      /home/cuijiangning/workspace/.metadata/.plugins/org.eclipse.wst.server.core/tmp0/wtpwebapps/icloud-stock-front/WEB-INF/lib/cglib-nodep-2.1_3.jar
7f492961c000-7f4929627000 r--s 0008b000 08:05 99237                      /home/cuijiangning/workspace/.metadata/.plugins/org.eclipse.wst.server.core/tmp0/wtpwebapps/icloud-stock-front/WEB-INF/lib/c3p0-0.9.1.2.jar
7f4929627000-7f492963f000 r--s 001a7000 08:05 99254                      /home/cuijiangning/workspace/.metadata/.plugins/org.eclipse.wst.server.core/tmp0/wtpwebapps/icloud-stock-front/WEB-INF/lib/aspectjweaver-1.7.2.jar
7f492963f000-7f4929642000 ---p 00000000 00:00 0 
7f4929642000-7f4929740000 rw-p 00000000 00:00 0                          [stack:32599]
7f4929740000-7f4929743000 ---p 00000000 00:00 0 
7f4929743000-7f4929841000 rw-p 00000000 00:00 0                          [stack:32608]
7f4929841000-7f4929844000 ---p 00000000 00:00 0 
7f4929844000-7f4929942000 rw-p 00000000 00:00 0                          [stack:32607]
7f4929942000-7f4929958000 r-xp 00000000 08:05 1507333                    /lib/x86_64-linux-gnu/libgcc_s.so.1
7f4929958000-7f4929b57000 ---p 00016000 08:05 1507333                    /lib/x86_64-linux-gnu/libgcc_s.so.1
7f4929b57000-7f4929b58000 rw-p 00015000 08:05 1507333                    /lib/x86_64-linux-gnu/libgcc_s.so.1
7f4929b58000-7f4929b5b000 r--s 00025000 08:05 99238                      /home/cuijiangning/workspace/.metadata/.plugins/org.eclipse.wst.server.core/tmp0/wtpwebapps/icloud-stock-front/WEB-INF/lib/commons-dbcp-1.4.jar
7f4929b5b000-7f4929b5f000 r--s 00019000 08:05 99255                      /home/cuijiangning/workspace/.metadata/.plugins/org.eclipse.wst.server.core/tmp0/wtpwebapps/icloud-stock-front/WEB-INF/lib/aspectjrt-1.7.2.jar
7f4929b5f000-7f4929b61000 r--s 00000000 08:05 99301                      /home/cuijiangning/workspace/.metadata/.plugins/org.eclipse.wst.server.core/tmp0/wtpwebapps/icloud-stock-front/WEB-INF/lib/aopalliance-1.0.jar
7f4929b61000-7f4929b67000 r--s 00067000 08:05 99248                      /home/cuijiangning/workspace/.metadata/.plugins/org.eclipse.wst.server.core/tmp0/wtpwebapps/icloud-stock-front/WEB-INF/lib/antlr-2.7.6.jar
7f4929b67000-7f4929b69000 r--s 0000e000 08:05 99288                      /home/cuijiangning/workspace/.metadata/.plugins/org.eclipse.wst.server.core/tmp0/wtpwebapps/icloud-stock-front/WEB-INF/lib/activation-1.1.jar
7f4929b69000-7f4929b6b000 r--s 0011b000 08:05 99225                      /home/cuijiangning/workspace/.metadata/.plugins/org.eclipse.wst.server.core/tmp0/wtpwebapps/icloud-stock-front/WEB-INF/lib/IKAnalyzer-2012_u6.jar
7f4929b6b000-7f4929b6f000 r--s 0002d000 08:05 386357                     /app/jdk1.7.0_67/jre/lib/ext/sunjce_provider.jar
7f4929b6f000-7f4929ba1000 r-xp 00000000 08:05 386865                     /app/jdk1.7.0_67/jre/lib/amd64/libsunec.so
7f4929ba1000-7f4929da0000 ---p 00032000 08:05 386865                     /app/jdk1.7.0_67/jre/lib/amd64/libsunec.so
7f4929da0000-7f4929da6000 rw-p 00031000 08:05 386865                     /app/jdk1.7.0_67/jre/lib/amd64/libsunec.so
7f4929da6000-7f4929db6000 rw-p 00000000 00:00 0 
7f4929db6000-7f4929db7000 r--s 00003000 08:05 386356                     /app/jdk1.7.0_67/jre/lib/ext/sunec.jar
7f4929db7000-7f4929dba000 r--s 00037000 08:05 386353                     /app/jdk1.7.0_67/jre/lib/ext/sunpkcs11.jar
7f4929dba000-7f4929dbc000 r--s 00019000 08:05 386364                     /app/jdk1.7.0_67/jre/lib/jce.jar
7f4929dbc000-7f4929dc0000 r--s 0008a000 08:05 387031                     /app/jdk1.7.0_67/jre/lib/jsse.jar
7f4929dc0000-7f4929dc3000 ---p 00000000 00:00 0 
7f4929dc3000-7f4929ec1000 rw-p 00000000 00:00 0                          [stack:32585]
7f4929ec1000-7f4929ec5000 r--s 000f7000 08:05 386352                     /app/jdk1.7.0_67/jre/lib/ext/localedata.jar
7f4929ec5000-7f4929ecf000 r--s 00251000 08:05 386960                     /app/jdk1.7.0_67/jre/lib/resources.jar
7f4929ecf000-7f4929ed7000 r--s 0008c000 08:05 450779                     /opt/apache-tomcat-7.0.55/lib/jasper.jar
7f4929ed7000-7f4929edb000 r--s 00036000 08:05 450784                     /opt/apache-tomcat-7.0.55/lib/tomcat-dbcp.jar
7f4929edb000-7f4929edd000 r--s 0001d000 08:05 450788                     /opt/apache-tomcat-7.0.55/lib/tomcat-jdbc.jar
7f4929edd000-7f4929edf000 r--s 00006000 08:05 450789                     /opt/apache-tomcat-7.0.55/lib/tomcat-util.jar
7f4929edf000-7f4929ee2000 r--s 0001c000 08:05 450778                     /opt/apache-tomcat-7.0.55/lib/jasper-el.jar
7f4929ee2000-7f4929ee4000 r--s 0000a000 08:05 450787                     /opt/apache-tomcat-7.0.55/lib/tomcat-i18n-ja.jar
7f4929ee4000-7f4929ee7000 r--s 00013000 08:05 450780                     /opt/apache-tomcat-7.0.55/lib/jsp-api.jar
7f4929ee7000-7f4929ef4000 r--s 000c2000 08:05 450783                     /opt/apache-tomcat-7.0.55/lib/tomcat-coyote.jar
7f4929ef4000-7f4929f06000 r--s 00175000 08:05 450775                     /opt/apache-tomcat-7.0.55/lib/catalina.jar
7f4929f06000-7f4929f18000 r--s 00220000 08:05 450776                     /opt/apache-tomcat-7.0.55/lib/ecj-4.4.jar
7f4929f18000-7f4929f28000 r-xp 00000000 08:05 386888                     /app/jdk1.7.0_67/jre/lib/amd64/libnio.so
7f4929f28000-7f492a128000 ---p 00010000 08:05 386888                     /app/jdk1.7.0_67/jre/lib/amd64/libnio.so
7f492a128000-7f492a129000 rw-p 00010000 08:05 386888                     /app/jdk1.7.0_67/jre/lib/amd64/libnio.so
7f492a129000-7f492a15a000 rw-p 00000000 00:00 0 
7f492a15a000-7f492a170000 r-xp 00000000 08:05 386848                     /app/jdk1.7.0_67/jre/lib/amd64/libnet.so
7f492a170000-7f492a370000 ---p 00016000 08:05 386848                     /app/jdk1.7.0_67/jre/lib/amd64/libnet.so
7f492a370000-7f492a371000 rw-p 00016000 08:05 386848                     /app/jdk1.7.0_67/jre/lib/amd64/libnet.so
7f492a371000-7f492a379000 r-xp 00000000 08:05 386901                     /app/jdk1.7.0_67/jre/lib/amd64/libmanagement.so
7f492a379000-7f492a578000 ---p 00008000 08:05 386901                     /app/jdk1.7.0_67/jre/lib/amd64/libmanagement.so
7f492a578000-7f492a579000 rw-p 00007000 08:05 386901                     /app/jdk1.7.0_67/jre/lib/amd64/libmanagement.so
7f492a579000-7f492a5e4000 r--s 00e22000 08:05 385044                     /app/jdk1.7.0_67/lib/tools.jar
7f492a5e4000-7f492a5e5000 ---p 00000000 00:00 0 
7f492a5e5000-7f492a6e5000 rw-p 00000000 00:00 0                          [stack:32584]
7f492a6e5000-7f492a6e8000 ---p 00000000 00:00 0 
7f492a6e8000-7f492a7e6000 rw-p 00000000 00:00 0                          [stack:32583]
7f492a7e6000-7f492a7e9000 ---p 00000000 00:00 0 
7f492a7e9000-7f492a8e7000 rw-p 00000000 00:00 0                          [stack:32582]
7f492a8e7000-7f492a8ea000 ---p 00000000 00:00 0 
7f492a8ea000-7f492a9e8000 rw-p 00000000 00:00 0                          [stack:32581]
7f492a9e8000-7f492a9eb000 ---p 00000000 00:00 0 
7f492a9eb000-7f492aae9000 rw-p 00000000 00:00 0                          [stack:32576]
7f492aae9000-7f492aaec000 ---p 00000000 00:00 0 
7f492aaec000-7f492abea000 rw-p 00000000 00:00 0                          [stack:32575]
7f492abea000-7f492abed000 ---p 00000000 00:00 0 
7f492abed000-7f492aceb000 rw-p 00000000 00:00 0                          [stack:32572]
7f492aceb000-7f492acef000 r-xp 00000000 08:05 386895                     /app/jdk1.7.0_67/jre/lib/amd64/libdt_socket.so
7f492acef000-7f492aeee000 ---p 00004000 08:05 386895                     /app/jdk1.7.0_67/jre/lib/amd64/libdt_socket.so
7f492aeee000-7f492aeef000 rw-p 00003000 08:05 386895                     /app/jdk1.7.0_67/jre/lib/amd64/libdt_socket.so
7f492aeef000-7f492aef2000 ---p 00000000 00:00 0 
7f492aef2000-7f492aff0000 rw-p 00000000 00:00 0                          [stack:32570]
7f492aff0000-7f492aff3000 ---p 00000000 00:00 0 
7f492aff3000-7f492b0f1000 rw-p 00000000 00:00 0                          [stack:32569]
7f492b0f1000-7f492b0f4000 ---p 00000000 00:00 0 
7f492b0f4000-7f492b1f2000 rw-p 00000000 00:00 0                          [stack:32568]
7f492b1f2000-7f492b1f3000 ---p 00000000 00:00 0 
7f492b1f3000-7f492c000000 rw-p 00000000 00:00 0                          [stack:32567]
7f492c000000-7f492c034000 rw-p 00000000 00:00 0 
7f492c034000-7f4930000000 ---p 00000000 00:00 0 
7f4930000000-7f4930001000 r--s 00001000 08:05 450782                     /opt/apache-tomcat-7.0.55/lib/tomcat-api.jar
7f4930001000-7f4930005000 r--s 00029000 08:05 450790                     /opt/apache-tomcat-7.0.55/lib/tomcat7-websocket.jar
7f4930005000-7f49302d6000 rw-p 00000000 00:00 0 
7f49302d6000-7f4930495000 r--s 039e5000 08:05 387018                     /app/jdk1.7.0_67/jre/lib/rt.jar
7f4930495000-7f493096a000 rw-p 00000000 00:00 0 
7f493096a000-7f493096b000 ---p 00000000 00:00 0 
7f493096b000-7f4930a6b000 rw-p 00000000 00:00 0                          [stack:32566]
7f4930a6b000-7f4930a6c000 ---p 00000000 00:00 0 
7f4930a6c000-7f4930b6c000 rw-p 00000000 00:00 0                          [stack:32565]
7f4930b6c000-7f4930b6d000 ---p 00000000 00:00 0 
7f4930b6d000-7f4930c6d000 rw-p 00000000 00:00 0                          [stack:32564]
7f4930c6d000-7f4930c6e000 ---p 00000000 00:00 0 
7f4930c6e000-7f4930f92000 rw-p 00000000 00:00 0                          [stack:32563]
7f4930f92000-7f4931000000 rw-p 00000000 00:00 0 
7f4931000000-7f4931850000 rwxp 00000000 00:00 0 
7f4931850000-7f49345ea000 rw-p 00000000 00:00 0 
7f49345ea000-7f4938000000 ---p 00000000 00:00 0 
7f4938000000-7f4938002000 r--s 0001f000 08:05 450773                     /opt/apache-tomcat-7.0.55/lib/catalina-ha.jar
7f4938002000-7f4938004000 r--s 00010000 08:05 450785                     /opt/apache-tomcat-7.0.55/lib/tomcat-i18n-es.jar
7f4938004000-7f4938006000 r--s 0000c000 08:05 450777                     /opt/apache-tomcat-7.0.55/lib/el-api.jar
7f4938006000-7f493800a000 r--s 0003b000 08:05 450774                     /opt/apache-tomcat-7.0.55/lib/catalina-tribes.jar
7f493800a000-7f4938084000 rw-p 00000000 00:00 0 
7f4938084000-7f49380ad000 rw-p 00000000 00:00 0 
7f49380ad000-7f49382d1000 rw-p 00000000 00:00 0 
7f49382d1000-7f493833f000 rw-p 00000000 00:00 0 
7f493833f000-7f493846c000 rw-p 00000000 00:00 0 
7f493846c000-7f4938488000 ---p 00000000 00:00 0 
7f4938488000-7f4938489000 rw-p 00000000 00:00 0 
7f4938489000-7f49384a3000 r-xp 00000000 08:05 386902                     /app/jdk1.7.0_67/jre/lib/amd64/libzip.so
7f49384a3000-7f49386a3000 ---p 0001a000 08:05 386902                     /app/jdk1.7.0_67/jre/lib/amd64/libzip.so
7f49386a3000-7f49386a4000 rw-p 0001a000 08:05 386902                     /app/jdk1.7.0_67/jre/lib/amd64/libzip.so
7f49386a4000-7f49386af000 r-xp 00000000 08:05 1509819                    /lib/x86_64-linux-gnu/libnss_files-2.19.so
7f49386af000-7f49388ae000 ---p 0000b000 08:05 1509819                    /lib/x86_64-linux-gnu/libnss_files-2.19.so
7f49388ae000-7f49388af000 r--p 0000a000 08:05 1509819                    /lib/x86_64-linux-gnu/libnss_files-2.19.so
7f49388af000-7f49388b0000 rw-p 0000b000 08:05 1509819                    /lib/x86_64-linux-gnu/libnss_files-2.19.so
7f49388b0000-7f49388bb000 r-xp 00000000 08:05 1509826                    /lib/x86_64-linux-gnu/libnss_nis-2.19.so
7f49388bb000-7f4938aba000 ---p 0000b000 08:05 1509826                    /lib/x86_64-linux-gnu/libnss_nis-2.19.so
7f4938aba000-7f4938abb000 r--p 0000a000 08:05 1509826                    /lib/x86_64-linux-gnu/libnss_nis-2.19.so
7f4938abb000-7f4938abc000 rw-p 0000b000 08:05 1509826                    /lib/x86_64-linux-gnu/libnss_nis-2.19.so
7f4938abc000-7f4938ad3000 r-xp 00000000 08:05 1509790                    /lib/x86_64-linux-gnu/libnsl-2.19.so
7f4938ad3000-7f4938cd2000 ---p 00017000 08:05 1509790                    /lib/x86_64-linux-gnu/libnsl-2.19.so
7f4938cd2000-7f4938cd3000 r--p 00016000 08:05 1509790                    /lib/x86_64-linux-gnu/libnsl-2.19.so
7f4938cd3000-7f4938cd4000 rw-p 00017000 08:05 1509790                    /lib/x86_64-linux-gnu/libnsl-2.19.so
7f4938cd4000-7f4938cd6000 rw-p 00000000 00:00 0 
7f4938cd6000-7f4938cdf000 r-xp 00000000 08:05 1509677                    /lib/x86_64-linux-gnu/libnss_compat-2.19.so
7f4938cdf000-7f4938ede000 ---p 00009000 08:05 1509677                    /lib/x86_64-linux-gnu/libnss_compat-2.19.so
7f4938ede000-7f4938edf000 r--p 00008000 08:05 1509677                    /lib/x86_64-linux-gnu/libnss_compat-2.19.so
7f4938edf000-7f4938ee0000 rw-p 00009000 08:05 1509677                    /lib/x86_64-linux-gnu/libnss_compat-2.19.so
7f4938ee0000-7f49395c2000 r--p 00000000 08:05 829704                     /usr/lib/locale/locale-archive
7f49395c2000-7f49395c5000 r-xp 00000000 08:05 386870                     /app/jdk1.7.0_67/jre/lib/amd64/libnpt.so
7f49395c5000-7f49397c4000 ---p 00003000 08:05 386870                     /app/jdk1.7.0_67/jre/lib/amd64/libnpt.so
7f49397c4000-7f49397c5000 rw-p 00002000 08:05 386870                     /app/jdk1.7.0_67/jre/lib/amd64/libnpt.so
7f49397c5000-7f49397fe000 r-xp 00000000 08:05 386856                     /app/jdk1.7.0_67/jre/lib/amd64/libjdwp.so
7f49397fe000-7f49399fe000 ---p 00039000 08:05 386856                     /app/jdk1.7.0_67/jre/lib/amd64/libjdwp.so
7f49399fe000-7f49399ff000 rw-p 00039000 08:05 386856                     /app/jdk1.7.0_67/jre/lib/amd64/libjdwp.so
7f49399ff000-7f4939a00000 rw-p 00000000 00:00 0 
7f4939a00000-7f4939a29000 r-xp 00000000 08:05 386885                     /app/jdk1.7.0_67/jre/lib/amd64/libjava.so
7f4939a29000-7f4939c29000 ---p 00029000 08:05 386885                     /app/jdk1.7.0_67/jre/lib/amd64/libjava.so
7f4939c29000-7f4939c2b000 rw-p 00029000 08:05 386885                     /app/jdk1.7.0_67/jre/lib/amd64/libjava.so
7f4939c2b000-7f4939c38000 r-xp 00000000 08:05 386847                     /app/jdk1.7.0_67/jre/lib/amd64/libverify.so
7f4939c38000-7f4939e37000 ---p 0000d000 08:05 386847                     /app/jdk1.7.0_67/jre/lib/amd64/libverify.so
7f4939e37000-7f4939e39000 rw-p 0000c000 08:05 386847                     /app/jdk1.7.0_67/jre/lib/amd64/libverify.so
7f4939e39000-7f4939e40000 r-xp 00000000 08:05 1509792                    /lib/x86_64-linux-gnu/librt-2.19.so
7f4939e40000-7f493a03f000 ---p 00007000 08:05 1509792                    /lib/x86_64-linux-gnu/librt-2.19.so
7f493a03f000-7f493a040000 r--p 00006000 08:05 1509792                    /lib/x86_64-linux-gnu/librt-2.19.so
7f493a040000-7f493a041000 rw-p 00007000 08:05 1509792                    /lib/x86_64-linux-gnu/librt-2.19.so
7f493a041000-7f493a146000 r-xp 00000000 08:05 1509815                    /lib/x86_64-linux-gnu/libm-2.19.so
7f493a146000-7f493a345000 ---p 00105000 08:05 1509815                    /lib/x86_64-linux-gnu/libm-2.19.so
7f493a345000-7f493a346000 r--p 00104000 08:05 1509815                    /lib/x86_64-linux-gnu/libm-2.19.so
7f493a346000-7f493a347000 rw-p 00105000 08:05 1509815                    /lib/x86_64-linux-gnu/libm-2.19.so
7f493a347000-7f493aeb7000 r-xp 00000000 08:05 386861                     /app/jdk1.7.0_67/jre/lib/amd64/server/libjvm.so
7f493aeb7000-7f493b0b6000 ---p 00b70000 08:05 386861                     /app/jdk1.7.0_67/jre/lib/amd64/server/libjvm.so
7f493b0b6000-7f493b17b000 rw-p 00b6f000 08:05 386861                     /app/jdk1.7.0_67/jre/lib/amd64/server/libjvm.so
7f493b17b000-7f493b1bb000 rw-p 00000000 00:00 0 
7f493b1bb000-7f493b376000 r-xp 00000000 08:05 1509812                    /lib/x86_64-linux-gnu/libc-2.19.so
7f493b376000-7f493b576000 ---p 001bb000 08:05 1509812                    /lib/x86_64-linux-gnu/libc-2.19.so
7f493b576000-7f493b57a000 r--p 001bb000 08:05 1509812                    /lib/x86_64-linux-gnu/libc-2.19.so
7f493b57a000-7f493b57c000 rw-p 001bf000 08:05 1509812                    /lib/x86_64-linux-gnu/libc-2.19.so
7f493b57c000-7f493b581000 rw-p 00000000 00:00 0 
7f493b581000-7f493b584000 r-xp 00000000 08:05 1509842                    /lib/x86_64-linux-gnu/libdl-2.19.so
7f493b584000-7f493b783000 ---p 00003000 08:05 1509842                    /lib/x86_64-linux-gnu/libdl-2.19.so
7f493b783000-7f493b784000 r--p 00002000 08:05 1509842                    /lib/x86_64-linux-gnu/libdl-2.19.so
7f493b784000-7f493b785000 rw-p 00003000 08:05 1509842                    /lib/x86_64-linux-gnu/libdl-2.19.so
7f493b785000-7f493b79b000 r-xp 00000000 08:05 385038                     /app/jdk1.7.0_67/lib/amd64/jli/libjli.so
7f493b79b000-7f493b99b000 ---p 00016000 08:05 385038                     /app/jdk1.7.0_67/lib/amd64/jli/libjli.so
7f493b99b000-7f493b99c000 rw-p 00016000 08:05 385038                     /app/jdk1.7.0_67/lib/amd64/jli/libjli.so
7f493b99c000-7f493b9b5000 r-xp 00000000 08:05 1509861                    /lib/x86_64-linux-gnu/libpthread-2.19.so
7f493b9b5000-7f493bbb4000 ---p 00019000 08:05 1509861                    /lib/x86_64-linux-gnu/libpthread-2.19.so
7f493bbb4000-7f493bbb5000 r--p 00018000 08:05 1509861                    /lib/x86_64-linux-gnu/libpthread-2.19.so
7f493bbb5000-7f493bbb6000 rw-p 00019000 08:05 1509861                    /lib/x86_64-linux-gnu/libpthread-2.19.so
7f493bbb6000-7f493bbba000 rw-p 00000000 00:00 0 
7f493bbba000-7f493bbdd000 r-xp 00000000 08:05 1509813                    /lib/x86_64-linux-gnu/ld-2.19.so
7f493bbdd000-7f493bc20000 rw-p 00000000 00:00 0 
7f493bc20000-7f493bcbe000 rw-p 00000000 00:00 0 
7f493bcbe000-7f493bcc1000 ---p 00000000 00:00 0 
7f493bcc1000-7f493bdc3000 rw-p 00000000 00:00 0                          [stack:32562]
7f493bdc3000-7f493bdc4000 r--s 00003000 08:05 450771                     /opt/apache-tomcat-7.0.55/lib/annotations-api.jar
7f493bdc4000-7f493bdc7000 r--s 0002e000 08:05 450781                     /opt/apache-tomcat-7.0.55/lib/servlet-api.jar
7f493bdc7000-7f493bdc9000 r--s 0000c000 08:05 450772                     /opt/apache-tomcat-7.0.55/lib/catalina-ant.jar
7f493bdc9000-7f493bdca000 r--s 0000a000 08:05 450786                     /opt/apache-tomcat-7.0.55/lib/tomcat-i18n-fr.jar
7f493bdca000-7f493bdcc000 r--s 00007000 08:05 450791                     /opt/apache-tomcat-7.0.55/lib/websocket-api.jar
7f493bdcc000-7f493bdce000 r--s 00008000 08:05 387618                     /opt/apache-tomcat-7.0.55/bin/tomcat-juli.jar
7f493bdce000-7f493bdcf000 r--s 00005000 08:05 387612                     /opt/apache-tomcat-7.0.55/bin/commons-daemon.jar
7f493bdcf000-7f493bdd0000 r--s 00006000 08:05 387608                     /opt/apache-tomcat-7.0.55/bin/bootstrap.jar
7f493bdd0000-7f493bdd8000 rw-s 00000000 08:05 1018649                    /tmp/hsperfdata_cuijiangning/32555
7f493bdd8000-7f493bdd9000 rw-p 00000000 00:00 0 
7f493bdd9000-7f493bdda000 r--p 00000000 00:00 0 
7f493bdda000-7f493bddc000 rw-p 00000000 00:00 0 
7f493bddc000-7f493bddd000 r--p 00022000 08:05 1509813                    /lib/x86_64-linux-gnu/ld-2.19.so
7f493bddd000-7f493bdde000 rw-p 00023000 08:05 1509813                    /lib/x86_64-linux-gnu/ld-2.19.so
7f493bdde000-7f493bddf000 rw-p 00000000 00:00 0 
7fffc4db7000-7fffc4dd9000 rw-p 00000000 00:00 0                          [stack]
7fffc4dfe000-7fffc4e00000 r-xp 00000000 00:00 0                          [vdso]
ffffffffff600000-ffffffffff601000 r-xp 00000000 00:00 0                  [vsyscall]

VM Arguments:
jvm_args: -agentlib:jdwp=transport=dt_socket,suspend=y,address=localhost:35498 -Dcatalina.base=/home/cuijiangning/workspace/.metadata/.plugins/org.eclipse.wst.server.core/tmp0 -Dcatalina.home=/opt/apache-tomcat-7.0.55 -Dwtp.deploy=/home/cuijiangning/workspace/.metadata/.plugins/org.eclipse.wst.server.core/tmp0/wtpwebapps -Djava.endorsed.dirs=/opt/apache-tomcat-7.0.55/endorsed -Dfile.encoding=UTF-8 
java_command: org.apache.catalina.startup.Bootstrap start
Launcher Type: SUN_STANDARD

Environment Variables:
JAVA_HOME=/app/jdk1.7.0_67
PATH=/usr/local/sbin:/usr/local/bin:/usr/sbin:/usr/bin:/sbin:/bin:/usr/games:/usr/local/games:/app/jdk1.7.0_67/bin:/app/apache-maven-3.2.2/bin:/app/gradle-2.0/bin:/app/jdk1.7.0_67/bin:/app/apache-maven-3.2.2/bin:/app/gradle-2.0/bin
SHELL=/bin/bash
DISPLAY=:0

Signal Handlers:
SIGSEGV: [libjvm.so+0x99f4a0], sa_mask[0]=0x7ffbfeff, sa_flags=0x10000004
SIGBUS: [libjvm.so+0x99f4a0], sa_mask[0]=0x7ffbfeff, sa_flags=0x10000004
SIGFPE: [libjvm.so+0x81a860], sa_mask[0]=0x7ffbfeff, sa_flags=0x10000004
SIGPIPE: [libjvm.so+0x81a860], sa_mask[0]=0x7ffbfeff, sa_flags=0x10000004
SIGXFSZ: [libjvm.so+0x81a860], sa_mask[0]=0x7ffbfeff, sa_flags=0x10000004
SIGILL: [libjvm.so+0x81a860], sa_mask[0]=0x7ffbfeff, sa_flags=0x10000004
SIGUSR1: SIG_DFL, sa_mask[0]=0x00000000, sa_flags=0x00000000
SIGUSR2: [libjvm.so+0x81c060], sa_mask[0]=0x00000004, sa_flags=0x10000004
SIGHUP: [libjvm.so+0x81d160], sa_mask[0]=0x7ffbfeff, sa_flags=0x10000004
SIGINT: [libjvm.so+0x81d160], sa_mask[0]=0x7ffbfeff, sa_flags=0x10000004
SIGTERM: [libjvm.so+0x81d160], sa_mask[0]=0x7ffbfeff, sa_flags=0x10000004
SIGQUIT: [libjvm.so+0x81d160], sa_mask[0]=0x7ffbfeff, sa_flags=0x10000004


---------------  S Y S T E M  ---------------

OS:jessie/sid

uname:Linux 3.13.0-36-generic #63-Ubuntu SMP Wed Sep 3 21:30:07 UTC 2014 x86_64
libc:glibc 2.19 NPTL 2.19 
rlimit: STACK 8192k, CORE 0k, NPROC 62957, NOFILE 4096, AS infinity
load average:0.97 0.77 0.71

/proc/meminfo:
MemTotal:        8080216 kB
MemFree:          207740 kB
Buffers:          138956 kB
Cached:          1957552 kB
SwapCached:         1252 kB
Active:          3545184 kB
Inactive:        1770976 kB
Active(anon):    2664764 kB
Inactive(anon):  1039208 kB
Active(file):     880420 kB
Inactive(file):   731768 kB
Unevictable:          64 kB
Mlocked:              64 kB
SwapTotal:      19530748 kB
SwapFree:       19491372 kB
Dirty:               100 kB
Writeback:             0 kB
AnonPages:       3218320 kB
Mapped:          2507084 kB
Shmem:            484492 kB
Slab:             249316 kB
SReclaimable:     193600 kB
SUnreclaim:        55716 kB
KernelStack:        4976 kB
PageTables:        46756 kB
NFS_Unstable:          0 kB
Bounce:                0 kB
WritebackTmp:          0 kB
CommitLimit:    23570856 kB
Committed_AS:   10411828 kB
VmallocTotal:   34359738367 kB
VmallocUsed:      380804 kB
VmallocChunk:   34359321212 kB
HardwareCorrupted:     0 kB
AnonHugePages:   1323008 kB
HugePages_Total:       0
HugePages_Free:        0
HugePages_Rsvd:        0
HugePages_Surp:        0
Hugepagesize:       2048 kB
DirectMap4k:       81616 kB
DirectMap2M:     2967552 kB
DirectMap1G:     5242880 kB


CPU:total 4 (2 cores per cpu, 2 threads per core) family 6 model 60 stepping 3, cmov, cx8, fxsr, mmx, sse, sse2, sse3, ssse3, sse4.1, sse4.2, popcnt, avx, avx2, aes, erms, ht, tsc, tscinvbit

/proc/cpuinfo:
processor	: 0
vendor_id	: GenuineIntel
cpu family	: 6
model		: 60
model name	: Intel(R) Core(TM) i5-4200M CPU @ 2.50GHz
stepping	: 3
microcode	: 0x17
cpu MHz		: 1600.000
cache size	: 3072 KB
physical id	: 0
siblings	: 4
core id		: 0
cpu cores	: 2
apicid		: 0
initial apicid	: 0
fpu		: yes
fpu_exception	: yes
cpuid level	: 13
wp		: yes
flags		: fpu vme de pse tsc msr pae mce cx8 apic sep mtrr pge mca cmov pat pse36 clflush dts acpi mmx fxsr sse sse2 ss ht tm pbe syscall nx pdpe1gb rdtscp lm constant_tsc arch_perfmon pebs bts rep_good nopl xtopology nonstop_tsc aperfmperf eagerfpu pni pclmulqdq dtes64 monitor ds_cpl vmx est tm2 ssse3 fma cx16 xtpr pdcm pcid sse4_1 sse4_2 movbe popcnt tsc_deadline_timer aes xsave avx f16c rdrand lahf_lm abm ida arat epb xsaveopt pln pts dtherm tpr_shadow vnmi flexpriority ept vpid fsgsbase tsc_adjust bmi1 avx2 smep bmi2 erms invpcid
bogomips	: 4988.61
clflush size	: 64
cache_alignment	: 64
address sizes	: 39 bits physical, 48 bits virtual
power management:

processor	: 1
vendor_id	: GenuineIntel
cpu family	: 6
model		: 60
model name	: Intel(R) Core(TM) i5-4200M CPU @ 2.50GHz
stepping	: 3
microcode	: 0x17
cpu MHz		: 2501.000
cache size	: 3072 KB
physical id	: 0
siblings	: 4
core id		: 1
cpu cores	: 2
apicid		: 2
initial apicid	: 2
fpu		: yes
fpu_exception	: yes
cpuid level	: 13
wp		: yes
flags		: fpu vme de pse tsc msr pae mce cx8 apic sep mtrr pge mca cmov pat pse36 clflush dts acpi mmx fxsr sse sse2 ss ht tm pbe syscall nx pdpe1gb rdtscp lm constant_tsc arch_perfmon pebs bts rep_good nopl xtopology nonstop_tsc aperfmperf eagerfpu pni pclmulqdq dtes64 monitor ds_cpl vmx est tm2 ssse3 fma cx16 xtpr pdcm pcid sse4_1 sse4_2 movbe popcnt tsc_deadline_timer aes xsave avx f16c rdrand lahf_lm abm ida arat epb xsaveopt pln pts dtherm tpr_shadow vnmi flexpriority ept vpid fsgsbase tsc_adjust bmi1 avx2 smep bmi2 erms invpcid
bogomips	: 4988.61
clflush size	: 64
cache_alignment	: 64
address sizes	: 39 bits physical, 48 bits virtual
power management:

processor	: 2
vendor_id	: GenuineIntel
cpu family	: 6
model		: 60
model name	: Intel(R) Core(TM) i5-4200M CPU @ 2.50GHz
stepping	: 3
microcode	: 0x17
cpu MHz		: 2100.000
cache size	: 3072 KB
physical id	: 0
siblings	: 4
core id		: 0
cpu cores	: 2
apicid		: 1
initial apicid	: 1
fpu		: yes
fpu_exception	: yes
cpuid level	: 13
wp		: yes
flags		: fpu vme de pse tsc msr pae mce cx8 apic sep mtrr pge mca cmov pat pse36 clflush dts acpi mmx fxsr sse sse2 ss ht tm pbe syscall nx pdpe1gb rdtscp lm constant_tsc arch_perfmon pebs bts rep_good nopl xtopology nonstop_tsc aperfmperf eagerfpu pni pclmulqdq dtes64 monitor ds_cpl vmx est tm2 ssse3 fma cx16 xtpr pdcm pcid sse4_1 sse4_2 movbe popcnt tsc_deadline_timer aes xsave avx f16c rdrand lahf_lm abm ida arat epb xsaveopt pln pts dtherm tpr_shadow vnmi flexpriority ept vpid fsgsbase tsc_adjust bmi1 avx2 smep bmi2 erms invpcid
bogomips	: 4988.61
clflush size	: 64
cache_alignment	: 64
address sizes	: 39 bits physical, 48 bits virtual
power management:

processor	: 3
vendor_id	: GenuineIntel
cpu family	: 6
model		: 60
model name	: Intel(R) Core(TM) i5-4200M CPU @ 2.50GHz
stepping	: 3
microcode	: 0x17
cpu MHz		: 2501.000
cache size	: 3072 KB
physical id	: 0
siblings	: 4
core id		: 1
cpu cores	: 2
apicid		: 3
initial apicid	: 3
fpu		: yes
fpu_exception	: yes
cpuid level	: 13
wp		: yes
flags		: fpu vme de pse tsc msr pae mce cx8 apic sep mtrr pge mca cmov pat pse36 clflush dts acpi mmx fxsr sse sse2 ss ht tm pbe syscall nx pdpe1gb rdtscp lm constant_tsc arch_perfmon pebs bts rep_good nopl xtopology nonstop_tsc aperfmperf eagerfpu pni pclmulqdq dtes64 monitor ds_cpl vmx est tm2 ssse3 fma cx16 xtpr pdcm pcid sse4_1 sse4_2 movbe popcnt tsc_deadline_timer aes xsave avx f16c rdrand lahf_lm abm ida arat epb xsaveopt pln pts dtherm tpr_shadow vnmi flexpriority ept vpid fsgsbase tsc_adjust bmi1 avx2 smep bmi2 erms invpcid
bogomips	: 4988.61
clflush size	: 64
cache_alignment	: 64
address sizes	: 39 bits physical, 48 bits virtual
power management:



Memory: 4k page, physical 8080216k(207740k free), swap 19530748k(19491372k free)

vm_info: Java HotSpot(TM) 64-Bit Server VM (24.65-b04) for linux-amd64 JRE (1.7.0_67-b01), built on Jul 25 2014 09:20:21 by "java_re" with gcc 4.3.0 20080428 (Red Hat 4.3.0-8)

time: Sun Nov 23 12:18:20 2014
elapsed time: 1316 seconds

